==71283== Memcheck, a memory error detector
==71283== Copyright (C) 2002-2024, and GNU GPL'd, by Julian Seward et al.
==71283== Using Valgrind-3.26.0 and LibVEX; rerun with -h for copyright info
==71283== Command: ./build/examples_debug/examples/har_classifier/train_c_har_classifier_delta
==71283== Parent PID: 16583
==71283== 
==71283== Invalid write of size 8
==71283==    at 0x5216913: memmove (in /nix/store/l8kvr38dk84afq0bffmsdybfix0wdvci-valgrind-3.26.0/libexec/valgrind/vgpreload_memcheck-amd64-linux.so)
==71283==    by 0x40447B4: memcpy (string_fortified.h:29)
==71283==    by 0x40447B4: extractInt32TensorFromSymInt32Tensor (src/tensor/TensorConversion.c:160)
==71283==    by 0x403D8B9: requantizeTensorInPlace (examples/har_classifier/train_c_delta.c:182)
==71283==    by 0x403D8B9: requantizeParamsToDelta (examples/har_classifier/train_c_delta.c:330)
==71283==    by 0x403D8B9: main (examples/har_classifier/train_c_delta.c:506)
==71283==  Address 0x9649268 is 1,512 bytes inside a block of size 1,515 alloc'd
==71283==    at 0x520F549: calloc (in /nix/store/l8kvr38dk84afq0bffmsdybfix0wdvci-valgrind-3.26.0/libexec/valgrind/vgpreload_memcheck-amd64-linux.so)
==71283==    by 0x403D883: requantizeTensorInPlace (examples/har_classifier/train_c_delta.c:179)
==71283==    by 0x403D883: requantizeParamsToDelta (examples/har_classifier/train_c_delta.c:330)
==71283==    by 0x403D883: main (examples/har_classifier/train_c_delta.c:506)
==71283== 
==71283== Invalid write of size 8
==71283==    at 0x521691B: memmove (in /nix/store/l8kvr38dk84afq0bffmsdybfix0wdvci-valgrind-3.26.0/libexec/valgrind/vgpreload_memcheck-amd64-linux.so)
==71283==    by 0x40447B4: memcpy (string_fortified.h:29)
==71283==    by 0x40447B4: extractInt32TensorFromSymInt32Tensor (src/tensor/TensorConversion.c:160)
==71283==    by 0x403D8B9: requantizeTensorInPlace (examples/har_classifier/train_c_delta.c:182)
==71283==    by 0x403D8B9: requantizeParamsToDelta (examples/har_classifier/train_c_delta.c:330)
==71283==    by 0x403D8B9: main (examples/har_classifier/train_c_delta.c:506)
==71283==  Address 0x9649270 is 5 bytes after a block of size 1,515 alloc'd
==71283==    at 0x520F549: calloc (in /nix/store/l8kvr38dk84afq0bffmsdybfix0wdvci-valgrind-3.26.0/libexec/valgrind/vgpreload_memcheck-amd64-linux.so)
==71283==    by 0x403D883: requantizeTensorInPlace (examples/har_classifier/train_c_delta.c:179)
==71283==    by 0x403D883: requantizeParamsToDelta (examples/har_classifier/train_c_delta.c:330)
==71283==    by 0x403D883: main (examples/har_classifier/train_c_delta.c:506)
==71283== 
==71283== Invalid write of size 8
==71283==    at 0x5216923: memmove (in /nix/store/l8kvr38dk84afq0bffmsdybfix0wdvci-valgrind-3.26.0/libexec/valgrind/vgpreload_memcheck-amd64-linux.so)
==71283==    by 0x40447B4: memcpy (string_fortified.h:29)
==71283==    by 0x40447B4: extractInt32TensorFromSymInt32Tensor (src/tensor/TensorConversion.c:160)
==71283==    by 0x403D8B9: requantizeTensorInPlace (examples/har_classifier/train_c_delta.c:182)
==71283==    by 0x403D8B9: requantizeParamsToDelta (examples/har_classifier/train_c_delta.c:330)
==71283==    by 0x403D8B9: main (examples/har_classifier/train_c_delta.c:506)
==71283==  Address 0x9649278 is 13 bytes after a block of size 1,515 alloc'd
==71283==    at 0x520F549: calloc (in /nix/store/l8kvr38dk84afq0bffmsdybfix0wdvci-valgrind-3.26.0/libexec/valgrind/vgpreload_memcheck-amd64-linux.so)
==71283==    by 0x403D883: requantizeTensorInPlace (examples/har_classifier/train_c_delta.c:179)
==71283==    by 0x403D883: requantizeParamsToDelta (examples/har_classifier/train_c_delta.c:330)
==71283==    by 0x403D883: main (examples/har_classifier/train_c_delta.c:506)
==71283== 
==71283== Invalid write of size 8
==71283==    at 0x521690B: memmove (in /nix/store/l8kvr38dk84afq0bffmsdybfix0wdvci-valgrind-3.26.0/libexec/valgrind/vgpreload_memcheck-amd64-linux.so)
==71283==    by 0x40447B4: memcpy (string_fortified.h:29)
==71283==    by 0x40447B4: extractInt32TensorFromSymInt32Tensor (src/tensor/TensorConversion.c:160)
==71283==    by 0x403D8B9: requantizeTensorInPlace (examples/har_classifier/train_c_delta.c:182)
==71283==    by 0x403D8B9: requantizeParamsToDelta (examples/har_classifier/train_c_delta.c:330)
==71283==    by 0x403D8B9: main (examples/har_classifier/train_c_delta.c:506)
==71283==  Address 0x9649280 is 21 bytes after a block of size 1,515 alloc'd
==71283==    at 0x520F549: calloc (in /nix/store/l8kvr38dk84afq0bffmsdybfix0wdvci-valgrind-3.26.0/libexec/valgrind/vgpreload_memcheck-amd64-linux.so)
==71283==    by 0x403D883: requantizeTensorInPlace (examples/har_classifier/train_c_delta.c:179)
==71283==    by 0x403D883: requantizeParamsToDelta (examples/har_classifier/train_c_delta.c:330)
==71283==    by 0x403D883: main (examples/har_classifier/train_c_delta.c:506)
==71283== 
--71283-- VALGRIND INTERNAL ERROR: Valgrind received a signal 11 (SIGSEGV) - exiting
--71283-- si_code=128;  Faulting address: 0x0;  sp: 0x10091f2de0

valgrind: the 'impossible' happened:
   Killed by fatal signal

host stacktrace:
==71283==    at 0x58055227: vgPlain_arena_malloc (in /nix/store/l8kvr38dk84afq0bffmsdybfix0wdvci-valgrind-3.26.0/libexec/valgrind/memcheck-amd64-linux)
==71283==    by 0x5800579D: vgMemCheck_new_block (in /nix/store/l8kvr38dk84afq0bffmsdybfix0wdvci-valgrind-3.26.0/libexec/valgrind/memcheck-amd64-linux)
==71283==    by 0x58005CEE: vgMemCheck_calloc (in /nix/store/l8kvr38dk84afq0bffmsdybfix0wdvci-valgrind-3.26.0/libexec/valgrind/memcheck-amd64-linux)
==71283==    by 0x580A8605: vgPlain_scheduler (in /nix/store/l8kvr38dk84afq0bffmsdybfix0wdvci-valgrind-3.26.0/libexec/valgrind/memcheck-amd64-linux)
==71283==    by 0x58119458: run_a_thread_NORETURN (in /nix/store/l8kvr38dk84afq0bffmsdybfix0wdvci-valgrind-3.26.0/libexec/valgrind/memcheck-amd64-linux)

sched status:
  running_tid=1

Thread 1: status = VgTs_Runnable (lwpid 71283)
==71283==    at 0x520F549: calloc (in /nix/store/l8kvr38dk84afq0bffmsdybfix0wdvci-valgrind-3.26.0/libexec/valgrind/vgpreload_memcheck-amd64-linux.so)
==71283==    by 0x40420A6: getQLike (src/userApi/tensor/TensorApi.c:197)
==71283==    by 0x403D908: requantizeTensorInPlace (examples/har_classifier/train_c_delta.c:178)
==71283==    by 0x403D908: requantizeParamsToDelta (examples/har_classifier/train_c_delta.c:332)
==71283==    by 0x403D908: main (examples/har_classifier/train_c_delta.c:506)
client stack range: [0x1FFEFF7000 0x1FFF000FFF] client SP: 0x1FFEFF8B90
valgrind stack range: [0x10090F3000 0x10091F2FFF] top usage: 9688 of 1048576


Note: see also the FAQ in the source distribution.
It contains workarounds to several common problems.
In particular, if Valgrind aborted or crashed after
identifying problems in your program, there's a good chance
that fixing those problems will prevent Valgrind aborting or
crashing, especially if it happened in m_mallocfree.c.

If that doesn't help, please report this bug to: www.valgrind.org

In the bug report, send all the above text, the valgrind
version, and what OS and version you are using.  Thanks.

