==10116== Memcheck, a memory error detector
==10116== Copyright (C) 2002-2024, and GNU GPL'd, by Julian Seward et al.
==10116== Using Valgrind-3.26.0 and LibVEX; rerun with -h for copyright info
==10116== Command: ./build/examples/examples/har_classifier/train_c_har_classifier_sym
==10116== Parent PID: 3258
==10116== 
==10116== 
==10116== Process terminating with default action of signal 2 (SIGINT)
==10116==    at 0x401B3D0: conv1dKernelSymInt32 (in /home/jasmin/Dokumente/Uni/Bachelorarbeit/ForkOfOnDeviceTraining/build/examples/examples/har_classifier/train_c_har_classifier_sym)
==10116==    by 0x401DF31: executeOp (in /home/jasmin/Dokumente/Uni/Bachelorarbeit/ForkOfOnDeviceTraining/build/examples/examples/har_classifier/train_c_har_classifier_sym)
==10116==    by 0x401110E: conv1dForward (in /home/jasmin/Dokumente/Uni/Bachelorarbeit/ForkOfOnDeviceTraining/build/examples/examples/har_classifier/train_c_har_classifier_sym)
==10116==    by 0x400C8E0: calculateGradsImpl.isra.0 (in /home/jasmin/Dokumente/Uni/Bachelorarbeit/ForkOfOnDeviceTraining/build/examples/examples/har_classifier/train_c_har_classifier_sym)
==10116==    by 0x400CC26: calculateGradsSequential (in /home/jasmin/Dokumente/Uni/Bachelorarbeit/ForkOfOnDeviceTraining/build/examples/examples/har_classifier/train_c_har_classifier_sym)
==10116==    by 0x400F085: trainingBatchDefault (in /home/jasmin/Dokumente/Uni/Bachelorarbeit/ForkOfOnDeviceTraining/build/examples/examples/har_classifier/train_c_har_classifier_sym)
==10116==    by 0x400CD5A: trainingEpochDefault (in /home/jasmin/Dokumente/Uni/Bachelorarbeit/ForkOfOnDeviceTraining/build/examples/examples/har_classifier/train_c_har_classifier_sym)
==10116==    by 0x400C095: trainingRun (in /home/jasmin/Dokumente/Uni/Bachelorarbeit/ForkOfOnDeviceTraining/build/examples/examples/har_classifier/train_c_har_classifier_sym)
==10116==    by 0x4002B99: main (in /home/jasmin/Dokumente/Uni/Bachelorarbeit/ForkOfOnDeviceTraining/build/examples/examples/har_classifier/train_c_har_classifier_sym)
==10116== 
==10116== HEAP SUMMARY:
==10116==     in use at exit: 51,130,645 bytes in 185,729 blocks
==10116==   total heap usage: 269,066 allocs, 83,337 frees, 105,069,327 bytes allocated
==10116== 
==10116== 16 bytes in 1 blocks are definitely lost in loss record 90 of 274
==10116==    at 0x4881549: calloc (in /nix/store/l8kvr38dk84afq0bffmsdybfix0wdvci-valgrind-3.26.0/libexec/valgrind/vgpreload_memcheck-amd64-linux.so)
==10116==    by 0x4006201: quantizationInitFloat (in /home/jasmin/Dokumente/Uni/Bachelorarbeit/ForkOfOnDeviceTraining/build/examples/examples/har_classifier/train_c_har_classifier_sym)
==10116==    by 0x4002B04: main (in /home/jasmin/Dokumente/Uni/Bachelorarbeit/ForkOfOnDeviceTraining/build/examples/examples/har_classifier/train_c_har_classifier_sym)
==10116== 
==10116== 28 (16 direct, 12 indirect) bytes in 1 blocks are definitely lost in loss record 128 of 274
==10116==    at 0x4881549: calloc (in /nix/store/l8kvr38dk84afq0bffmsdybfix0wdvci-valgrind-3.26.0/libexec/valgrind/vgpreload_memcheck-amd64-linux.so)
==10116==    by 0x400632B: quantizationInitSym (in /home/jasmin/Dokumente/Uni/Bachelorarbeit/ForkOfOnDeviceTraining/build/examples/examples/har_classifier/train_c_har_classifier_sym)
==10116==    by 0x400251E: main (in /home/jasmin/Dokumente/Uni/Bachelorarbeit/ForkOfOnDeviceTraining/build/examples/examples/har_classifier/train_c_har_classifier_sym)
==10116== 
==10116== 61,756 (16 direct, 61,740 indirect) bytes in 1 blocks are definitely lost in loss record 248 of 274
==10116==    at 0x4881549: calloc (in /nix/store/l8kvr38dk84afq0bffmsdybfix0wdvci-valgrind-3.26.0/libexec/valgrind/vgpreload_memcheck-amd64-linux.so)
==10116==    by 0x4003C0A: npyLoad (in /home/jasmin/Dokumente/Uni/Bachelorarbeit/ForkOfOnDeviceTraining/build/examples/examples/har_classifier/train_c_har_classifier_sym)
==10116==    by 0x4002459: main (in /home/jasmin/Dokumente/Uni/Bachelorarbeit/ForkOfOnDeviceTraining/build/examples/examples/har_classifier/train_c_har_classifier_sym)
==10116== 
==10116== 247,564 (16 direct, 247,548 indirect) bytes in 1 blocks are definitely lost in loss record 270 of 274
==10116==    at 0x4881549: calloc (in /nix/store/l8kvr38dk84afq0bffmsdybfix0wdvci-valgrind-3.26.0/libexec/valgrind/vgpreload_memcheck-amd64-linux.so)
==10116==    by 0x4003C0A: npyLoad (in /home/jasmin/Dokumente/Uni/Bachelorarbeit/ForkOfOnDeviceTraining/build/examples/examples/har_classifier/train_c_har_classifier_sym)
==10116==    by 0x4002495: main (in /home/jasmin/Dokumente/Uni/Bachelorarbeit/ForkOfOnDeviceTraining/build/examples/examples/har_classifier/train_c_har_classifier_sym)
==10116== 
==10116== 555,844 (16 direct, 555,828 indirect) bytes in 1 blocks are definitely lost in loss record 271 of 274
==10116==    at 0x4881549: calloc (in /nix/store/l8kvr38dk84afq0bffmsdybfix0wdvci-valgrind-3.26.0/libexec/valgrind/vgpreload_memcheck-amd64-linux.so)
==10116==    by 0x4003C0A: npyLoad (in /home/jasmin/Dokumente/Uni/Bachelorarbeit/ForkOfOnDeviceTraining/build/examples/examples/har_classifier/train_c_har_classifier_sym)
==10116==    by 0x400241D: main (in /home/jasmin/Dokumente/Uni/Bachelorarbeit/ForkOfOnDeviceTraining/build/examples/examples/har_classifier/train_c_har_classifier_sym)
==10116== 
==10116== LEAK SUMMARY:
==10116==    definitely lost: 80 bytes in 5 blocks
==10116==    indirectly lost: 865,128 bytes in 61,798 blocks
==10116==      possibly lost: 0 bytes in 0 blocks
==10116==    still reachable: 50,265,437 bytes in 123,926 blocks
==10116==         suppressed: 0 bytes in 0 blocks
==10116== Reachable blocks (those to which a pointer was found) are not shown.
==10116== To see them, rerun with: --leak-check=full --show-leak-kinds=all
==10116== 
==10116== For lists of detected and suppressed errors, rerun with: -s
==10116== ERROR SUMMARY: 5 errors from 5 contexts (suppressed: 0 from 0)
