==17115== Memcheck, a memory error detector
==17115== Copyright (C) 2002-2024, and GNU GPL'd, by Julian Seward et al.
==17115== Using Valgrind-3.26.0 and LibVEX; rerun with -h for copyright info
==17115== Command: ./build/examples/examples/har_classifier/train_c_binary_har_classifier -1
==17115== Parent PID: 5364
==17115== 
==17115== 
==17115== HEAP SUMMARY:
==17115==     in use at exit: 50,554,744 bytes in 123,625 blocks
==17115==   total heap usage: 206,048 allocs, 82,423 frees, 51,778,718 bytes allocated
==17115== 
==17115== 32 bytes in 1 blocks are definitely lost in loss record 22 of 73
==17115==    at 0x487F549: calloc (in /nix/store/1ds784mmv5l6a91lc8iyrcis5lgqdy4d-valgrind-3.26.0/libexec/valgrind/vgpreload_memcheck-amd64-linux.so)
==17115==    by 0x4002450: runExperiment (in /home/jasmin/Dokumente/Uni/Bachelorarbeit/ForkOfOnDeviceTraining/build/examples/examples/har_classifier/train_c_binary_har_classifier)
==17115==    by 0x400306C: main (in /home/jasmin/Dokumente/Uni/Bachelorarbeit/ForkOfOnDeviceTraining/build/examples/examples/har_classifier/train_c_binary_har_classifier)
==17115== 
==17115== 294,972 (32 direct, 294,940 indirect) bytes in 1 blocks are definitely lost in loss record 70 of 73
==17115==    at 0x487F549: calloc (in /nix/store/1ds784mmv5l6a91lc8iyrcis5lgqdy4d-valgrind-3.26.0/libexec/valgrind/vgpreload_memcheck-amd64-linux.so)
==17115==    by 0x4006BCD: initTensor (in /home/jasmin/Dokumente/Uni/Bachelorarbeit/ForkOfOnDeviceTraining/build/examples/examples/har_classifier/train_c_binary_har_classifier)
==17115==    by 0x4004F6D: allocateLinearWeights (in /home/jasmin/Dokumente/Uni/Bachelorarbeit/ForkOfOnDeviceTraining/build/examples/examples/har_classifier/train_c_binary_har_classifier)
==17115==    by 0x4004BE0: linearLayerInit (in /home/jasmin/Dokumente/Uni/Bachelorarbeit/ForkOfOnDeviceTraining/build/examples/examples/har_classifier/train_c_binary_har_classifier)
==17115==    by 0x40024B6: runExperiment (in /home/jasmin/Dokumente/Uni/Bachelorarbeit/ForkOfOnDeviceTraining/build/examples/examples/har_classifier/train_c_binary_har_classifier)
==17115==    by 0x400306C: main (in /home/jasmin/Dokumente/Uni/Bachelorarbeit/ForkOfOnDeviceTraining/build/examples/examples/har_classifier/train_c_binary_har_classifier)
==17115== 
==17115== LEAK SUMMARY:
==17115==    definitely lost: 64 bytes in 2 blocks
==17115==    indirectly lost: 294,940 bytes in 3 blocks
==17115==      possibly lost: 0 bytes in 0 blocks
==17115==    still reachable: 50,259,740 bytes in 123,620 blocks
==17115==         suppressed: 0 bytes in 0 blocks
==17115== Reachable blocks (those to which a pointer was found) are not shown.
==17115== To see them, rerun with: --leak-check=full --show-leak-kinds=all
==17115== 
==17115== For lists of detected and suppressed errors, rerun with: -s
==17115== ERROR SUMMARY: 2 errors from 2 contexts (suppressed: 0 from 0)
