==34434== Memcheck, a memory error detector
==34434== Copyright (C) 2002-2024, and GNU GPL'd, by Julian Seward et al.
==34434== Using Valgrind-3.26.0 and LibVEX; rerun with -h for copyright info
==34434== Command: ./build/examples/examples/har_classifier/train_c_binary_har_classifier -1
==34434== Parent PID: 32060
==34434== 
==34434== Use of uninitialised value of size 8
==34434==    at 0x4A09AE2: _itoa_word (in /nix/store/l0l2ll1lmylczj1ihqn351af2kyp5x19-glibc-2.42-51/lib/libc.so.6)
==34434==    by 0x4A15182: __printf_buffer (in /nix/store/l0l2ll1lmylczj1ihqn351af2kyp5x19-glibc-2.42-51/lib/libc.so.6)
==34434==    by 0x4A17257: __vfprintf_internal (in /nix/store/l0l2ll1lmylczj1ihqn351af2kyp5x19-glibc-2.42-51/lib/libc.so.6)
==34434==    by 0x4002DC5: fprintf(_IO_FILE*, char const* pass_object_size1, ...) (in /home/jasmin/Dokumente/Uni/Bachelorarbeit/ForkOfOnDeviceTraining/build/examples/examples/har_classifier/train_c_binary_har_classifier)
==34434==    by 0x400287D: runExperiment (in /home/jasmin/Dokumente/Uni/Bachelorarbeit/ForkOfOnDeviceTraining/build/examples/examples/har_classifier/train_c_binary_har_classifier)
==34434==    by 0x400329F: main (in /home/jasmin/Dokumente/Uni/Bachelorarbeit/ForkOfOnDeviceTraining/build/examples/examples/har_classifier/train_c_binary_har_classifier)
==34434==  Uninitialised value was created by a stack allocation
==34434==    at 0x40023FD: runExperiment (in /home/jasmin/Dokumente/Uni/Bachelorarbeit/ForkOfOnDeviceTraining/build/examples/examples/har_classifier/train_c_binary_har_classifier)
==34434== 
==34434== Conditional jump or move depends on uninitialised value(s)
==34434==    at 0x4A09AE9: _itoa_word (in /nix/store/l0l2ll1lmylczj1ihqn351af2kyp5x19-glibc-2.42-51/lib/libc.so.6)
==34434==    by 0x4A15182: __printf_buffer (in /nix/store/l0l2ll1lmylczj1ihqn351af2kyp5x19-glibc-2.42-51/lib/libc.so.6)
==34434==    by 0x4A17257: __vfprintf_internal (in /nix/store/l0l2ll1lmylczj1ihqn351af2kyp5x19-glibc-2.42-51/lib/libc.so.6)
==34434==    by 0x4002DC5: fprintf(_IO_FILE*, char const* pass_object_size1, ...) (in /home/jasmin/Dokumente/Uni/Bachelorarbeit/ForkOfOnDeviceTraining/build/examples/examples/har_classifier/train_c_binary_har_classifier)
==34434==    by 0x400287D: runExperiment (in /home/jasmin/Dokumente/Uni/Bachelorarbeit/ForkOfOnDeviceTraining/build/examples/examples/har_classifier/train_c_binary_har_classifier)
==34434==    by 0x400329F: main (in /home/jasmin/Dokumente/Uni/Bachelorarbeit/ForkOfOnDeviceTraining/build/examples/examples/har_classifier/train_c_binary_har_classifier)
==34434==  Uninitialised value was created by a stack allocation
==34434==    at 0x40023FD: runExperiment (in /home/jasmin/Dokumente/Uni/Bachelorarbeit/ForkOfOnDeviceTraining/build/examples/examples/har_classifier/train_c_binary_har_classifier)
==34434== 
==34434== Conditional jump or move depends on uninitialised value(s)
==34434==    at 0x4A159DA: __printf_buffer (in /nix/store/l0l2ll1lmylczj1ihqn351af2kyp5x19-glibc-2.42-51/lib/libc.so.6)
==34434==    by 0x4A17257: __vfprintf_internal (in /nix/store/l0l2ll1lmylczj1ihqn351af2kyp5x19-glibc-2.42-51/lib/libc.so.6)
==34434==    by 0x4002DC5: fprintf(_IO_FILE*, char const* pass_object_size1, ...) (in /home/jasmin/Dokumente/Uni/Bachelorarbeit/ForkOfOnDeviceTraining/build/examples/examples/har_classifier/train_c_binary_har_classifier)
==34434==    by 0x400287D: runExperiment (in /home/jasmin/Dokumente/Uni/Bachelorarbeit/ForkOfOnDeviceTraining/build/examples/examples/har_classifier/train_c_binary_har_classifier)
==34434==    by 0x400329F: main (in /home/jasmin/Dokumente/Uni/Bachelorarbeit/ForkOfOnDeviceTraining/build/examples/examples/har_classifier/train_c_binary_har_classifier)
==34434==  Uninitialised value was created by a stack allocation
==34434==    at 0x40023FD: runExperiment (in /home/jasmin/Dokumente/Uni/Bachelorarbeit/ForkOfOnDeviceTraining/build/examples/examples/har_classifier/train_c_binary_har_classifier)
==34434== 
==34434== Conditional jump or move depends on uninitialised value(s)
==34434==    at 0x4A15C18: __printf_buffer (in /nix/store/l0l2ll1lmylczj1ihqn351af2kyp5x19-glibc-2.42-51/lib/libc.so.6)
==34434==    by 0x4A17257: __vfprintf_internal (in /nix/store/l0l2ll1lmylczj1ihqn351af2kyp5x19-glibc-2.42-51/lib/libc.so.6)
==34434==    by 0x4002DC5: fprintf(_IO_FILE*, char const* pass_object_size1, ...) (in /home/jasmin/Dokumente/Uni/Bachelorarbeit/ForkOfOnDeviceTraining/build/examples/examples/har_classifier/train_c_binary_har_classifier)
==34434==    by 0x400287D: runExperiment (in /home/jasmin/Dokumente/Uni/Bachelorarbeit/ForkOfOnDeviceTraining/build/examples/examples/har_classifier/train_c_binary_har_classifier)
==34434==    by 0x400329F: main (in /home/jasmin/Dokumente/Uni/Bachelorarbeit/ForkOfOnDeviceTraining/build/examples/examples/har_classifier/train_c_binary_har_classifier)
==34434==  Uninitialised value was created by a stack allocation
==34434==    at 0x40023FD: runExperiment (in /home/jasmin/Dokumente/Uni/Bachelorarbeit/ForkOfOnDeviceTraining/build/examples/examples/har_classifier/train_c_binary_har_classifier)
==34434== 
==34434== Conditional jump or move depends on uninitialised value(s)
==34434==    at 0x4A14B62: __printf_buffer (in /nix/store/l0l2ll1lmylczj1ihqn351af2kyp5x19-glibc-2.42-51/lib/libc.so.6)
==34434==    by 0x4A17257: __vfprintf_internal (in /nix/store/l0l2ll1lmylczj1ihqn351af2kyp5x19-glibc-2.42-51/lib/libc.so.6)
==34434==    by 0x4002DC5: fprintf(_IO_FILE*, char const* pass_object_size1, ...) (in /home/jasmin/Dokumente/Uni/Bachelorarbeit/ForkOfOnDeviceTraining/build/examples/examples/har_classifier/train_c_binary_har_classifier)
==34434==    by 0x400287D: runExperiment (in /home/jasmin/Dokumente/Uni/Bachelorarbeit/ForkOfOnDeviceTraining/build/examples/examples/har_classifier/train_c_binary_har_classifier)
==34434==    by 0x400329F: main (in /home/jasmin/Dokumente/Uni/Bachelorarbeit/ForkOfOnDeviceTraining/build/examples/examples/har_classifier/train_c_binary_har_classifier)
==34434==  Uninitialised value was created by a stack allocation
==34434==    at 0x40023FD: runExperiment (in /home/jasmin/Dokumente/Uni/Bachelorarbeit/ForkOfOnDeviceTraining/build/examples/examples/har_classifier/train_c_binary_har_classifier)
==34434== 
==34434== Conditional jump or move depends on uninitialised value(s)
==34434==    at 0x40202D9: convertFloatTensorToSymInt32Tensor (in /home/jasmin/Dokumente/Uni/Bachelorarbeit/ForkOfOnDeviceTraining/build/examples/examples/har_classifier/train_c_binary_har_classifier)
==34434==    by 0x400EE27: mseLossBackwardSymInt32 (in /home/jasmin/Dokumente/Uni/Bachelorarbeit/ForkOfOnDeviceTraining/build/examples/examples/har_classifier/train_c_binary_har_classifier)
==34434==    by 0x400B17A: calculateGradsSequential (in /home/jasmin/Dokumente/Uni/Bachelorarbeit/ForkOfOnDeviceTraining/build/examples/examples/har_classifier/train_c_binary_har_classifier)
==34434==    by 0x400E1E5: trainingBatchDefault (in /home/jasmin/Dokumente/Uni/Bachelorarbeit/ForkOfOnDeviceTraining/build/examples/examples/har_classifier/train_c_binary_har_classifier)
==34434==    by 0x400B7A6: trainingEpochDefault (in /home/jasmin/Dokumente/Uni/Bachelorarbeit/ForkOfOnDeviceTraining/build/examples/examples/har_classifier/train_c_binary_har_classifier)
==34434==    by 0x400ABAF: trainingRun (in /home/jasmin/Dokumente/Uni/Bachelorarbeit/ForkOfOnDeviceTraining/build/examples/examples/har_classifier/train_c_binary_har_classifier)
==34434==    by 0x40028ED: runExperiment (in /home/jasmin/Dokumente/Uni/Bachelorarbeit/ForkOfOnDeviceTraining/build/examples/examples/har_classifier/train_c_binary_har_classifier)
==34434==    by 0x400329F: main (in /home/jasmin/Dokumente/Uni/Bachelorarbeit/ForkOfOnDeviceTraining/build/examples/examples/har_classifier/train_c_binary_har_classifier)
==34434==  Uninitialised value was created by a stack allocation
==34434==    at 0x400ECB1: mseLossBackwardSymInt32 (in /home/jasmin/Dokumente/Uni/Bachelorarbeit/ForkOfOnDeviceTraining/build/examples/examples/har_classifier/train_c_binary_har_classifier)
==34434== 
==34434== Conditional jump or move depends on uninitialised value(s)
==34434==    at 0x4928256: roundf (in /nix/store/l0l2ll1lmylczj1ihqn351af2kyp5x19-glibc-2.42-51/lib/libm.so.6)
==34434==    by 0x4022770: roundByMode (in /home/jasmin/Dokumente/Uni/Bachelorarbeit/ForkOfOnDeviceTraining/build/examples/examples/har_classifier/train_c_binary_har_classifier)
==34434==    by 0x402033D: convertFloatTensorToSymInt32Tensor (in /home/jasmin/Dokumente/Uni/Bachelorarbeit/ForkOfOnDeviceTraining/build/examples/examples/har_classifier/train_c_binary_har_classifier)
==34434==    by 0x400EE27: mseLossBackwardSymInt32 (in /home/jasmin/Dokumente/Uni/Bachelorarbeit/ForkOfOnDeviceTraining/build/examples/examples/har_classifier/train_c_binary_har_classifier)
==34434==    by 0x400B17A: calculateGradsSequential (in /home/jasmin/Dokumente/Uni/Bachelorarbeit/ForkOfOnDeviceTraining/build/examples/examples/har_classifier/train_c_binary_har_classifier)
==34434==    by 0x400E1E5: trainingBatchDefault (in /home/jasmin/Dokumente/Uni/Bachelorarbeit/ForkOfOnDeviceTraining/build/examples/examples/har_classifier/train_c_binary_har_classifier)
==34434==    by 0x400B7A6: trainingEpochDefault (in /home/jasmin/Dokumente/Uni/Bachelorarbeit/ForkOfOnDeviceTraining/build/examples/examples/har_classifier/train_c_binary_har_classifier)
==34434==    by 0x400ABAF: trainingRun (in /home/jasmin/Dokumente/Uni/Bachelorarbeit/ForkOfOnDeviceTraining/build/examples/examples/har_classifier/train_c_binary_har_classifier)
==34434==    by 0x40028ED: runExperiment (in /home/jasmin/Dokumente/Uni/Bachelorarbeit/ForkOfOnDeviceTraining/build/examples/examples/har_classifier/train_c_binary_har_classifier)
==34434==    by 0x400329F: main (in /home/jasmin/Dokumente/Uni/Bachelorarbeit/ForkOfOnDeviceTraining/build/examples/examples/har_classifier/train_c_binary_har_classifier)
==34434==  Uninitialised value was created by a stack allocation
==34434==    at 0x400ECB1: mseLossBackwardSymInt32 (in /home/jasmin/Dokumente/Uni/Bachelorarbeit/ForkOfOnDeviceTraining/build/examples/examples/har_classifier/train_c_binary_har_classifier)
==34434== 
==34434== Conditional jump or move depends on uninitialised value(s)
==34434==    at 0x492825A: roundf (in /nix/store/l0l2ll1lmylczj1ihqn351af2kyp5x19-glibc-2.42-51/lib/libm.so.6)
==34434==    by 0x4022770: roundByMode (in /home/jasmin/Dokumente/Uni/Bachelorarbeit/ForkOfOnDeviceTraining/build/examples/examples/har_classifier/train_c_binary_har_classifier)
==34434==    by 0x402033D: convertFloatTensorToSymInt32Tensor (in /home/jasmin/Dokumente/Uni/Bachelorarbeit/ForkOfOnDeviceTraining/build/examples/examples/har_classifier/train_c_binary_har_classifier)
==34434==    by 0x400EE27: mseLossBackwardSymInt32 (in /home/jasmin/Dokumente/Uni/Bachelorarbeit/ForkOfOnDeviceTraining/build/examples/examples/har_classifier/train_c_binary_har_classifier)
==34434==    by 0x400B17A: calculateGradsSequential (in /home/jasmin/Dokumente/Uni/Bachelorarbeit/ForkOfOnDeviceTraining/build/examples/examples/har_classifier/train_c_binary_har_classifier)
==34434==    by 0x400E1E5: trainingBatchDefault (in /home/jasmin/Dokumente/Uni/Bachelorarbeit/ForkOfOnDeviceTraining/build/examples/examples/har_classifier/train_c_binary_har_classifier)
==34434==    by 0x400B7A6: trainingEpochDefault (in /home/jasmin/Dokumente/Uni/Bachelorarbeit/ForkOfOnDeviceTraining/build/examples/examples/har_classifier/train_c_binary_har_classifier)
==34434==    by 0x400ABAF: trainingRun (in /home/jasmin/Dokumente/Uni/Bachelorarbeit/ForkOfOnDeviceTraining/build/examples/examples/har_classifier/train_c_binary_har_classifier)
==34434==    by 0x40028ED: runExperiment (in /home/jasmin/Dokumente/Uni/Bachelorarbeit/ForkOfOnDeviceTraining/build/examples/examples/har_classifier/train_c_binary_har_classifier)
==34434==    by 0x400329F: main (in /home/jasmin/Dokumente/Uni/Bachelorarbeit/ForkOfOnDeviceTraining/build/examples/examples/har_classifier/train_c_binary_har_classifier)
==34434==  Uninitialised value was created by a stack allocation
==34434==    at 0x400ECB1: mseLossBackwardSymInt32 (in /home/jasmin/Dokumente/Uni/Bachelorarbeit/ForkOfOnDeviceTraining/build/examples/examples/har_classifier/train_c_binary_har_classifier)
==34434== 
==34434== Conditional jump or move depends on uninitialised value(s)
==34434==    at 0x4928265: roundf (in /nix/store/l0l2ll1lmylczj1ihqn351af2kyp5x19-glibc-2.42-51/lib/libm.so.6)
==34434==    by 0x4022770: roundByMode (in /home/jasmin/Dokumente/Uni/Bachelorarbeit/ForkOfOnDeviceTraining/build/examples/examples/har_classifier/train_c_binary_har_classifier)
==34434==    by 0x402033D: convertFloatTensorToSymInt32Tensor (in /home/jasmin/Dokumente/Uni/Bachelorarbeit/ForkOfOnDeviceTraining/build/examples/examples/har_classifier/train_c_binary_har_classifier)
==34434==    by 0x400EE27: mseLossBackwardSymInt32 (in /home/jasmin/Dokumente/Uni/Bachelorarbeit/ForkOfOnDeviceTraining/build/examples/examples/har_classifier/train_c_binary_har_classifier)
==34434==    by 0x400B17A: calculateGradsSequential (in /home/jasmin/Dokumente/Uni/Bachelorarbeit/ForkOfOnDeviceTraining/build/examples/examples/har_classifier/train_c_binary_har_classifier)
==34434==    by 0x400E1E5: trainingBatchDefault (in /home/jasmin/Dokumente/Uni/Bachelorarbeit/ForkOfOnDeviceTraining/build/examples/examples/har_classifier/train_c_binary_har_classifier)
==34434==    by 0x400B7A6: trainingEpochDefault (in /home/jasmin/Dokumente/Uni/Bachelorarbeit/ForkOfOnDeviceTraining/build/examples/examples/har_classifier/train_c_binary_har_classifier)
==34434==    by 0x400ABAF: trainingRun (in /home/jasmin/Dokumente/Uni/Bachelorarbeit/ForkOfOnDeviceTraining/build/examples/examples/har_classifier/train_c_binary_har_classifier)
==34434==    by 0x40028ED: runExperiment (in /home/jasmin/Dokumente/Uni/Bachelorarbeit/ForkOfOnDeviceTraining/build/examples/examples/har_classifier/train_c_binary_har_classifier)
==34434==    by 0x400329F: main (in /home/jasmin/Dokumente/Uni/Bachelorarbeit/ForkOfOnDeviceTraining/build/examples/examples/har_classifier/train_c_binary_har_classifier)
==34434==  Uninitialised value was created by a stack allocation
==34434==    at 0x400ECB1: mseLossBackwardSymInt32 (in /home/jasmin/Dokumente/Uni/Bachelorarbeit/ForkOfOnDeviceTraining/build/examples/examples/har_classifier/train_c_binary_har_classifier)
==34434== 
==34434== Conditional jump or move depends on uninitialised value(s)
==34434==    at 0x40202D9: convertFloatTensorToSymInt32Tensor (in /home/jasmin/Dokumente/Uni/Bachelorarbeit/ForkOfOnDeviceTraining/build/examples/examples/har_classifier/train_c_binary_har_classifier)
==34434==    by 0x401E9FA: addSymInt32TensorsInplace (in /home/jasmin/Dokumente/Uni/Bachelorarbeit/ForkOfOnDeviceTraining/build/examples/examples/har_classifier/train_c_binary_har_classifier)
==34434==    by 0x4011AC6: linearCalcWeightGradsSymInt32 (in /home/jasmin/Dokumente/Uni/Bachelorarbeit/ForkOfOnDeviceTraining/build/examples/examples/har_classifier/train_c_binary_har_classifier)
==34434==    by 0x4011CEC: linearCalcWeightGradsSymInt32WithConversion (in /home/jasmin/Dokumente/Uni/Bachelorarbeit/ForkOfOnDeviceTraining/build/examples/examples/har_classifier/train_c_binary_har_classifier)
==34434==    by 0x4012A38: linearBackward (in /home/jasmin/Dokumente/Uni/Bachelorarbeit/ForkOfOnDeviceTraining/build/examples/examples/har_classifier/train_c_binary_har_classifier)
==34434==    by 0x400B1D4: calculateGradsSequential (in /home/jasmin/Dokumente/Uni/Bachelorarbeit/ForkOfOnDeviceTraining/build/examples/examples/har_classifier/train_c_binary_har_classifier)
==34434==    by 0x400E1E5: trainingBatchDefault (in /home/jasmin/Dokumente/Uni/Bachelorarbeit/ForkOfOnDeviceTraining/build/examples/examples/har_classifier/train_c_binary_har_classifier)
==34434==    by 0x400B7A6: trainingEpochDefault (in /home/jasmin/Dokumente/Uni/Bachelorarbeit/ForkOfOnDeviceTraining/build/examples/examples/har_classifier/train_c_binary_har_classifier)
==34434==    by 0x400ABAF: trainingRun (in /home/jasmin/Dokumente/Uni/Bachelorarbeit/ForkOfOnDeviceTraining/build/examples/examples/har_classifier/train_c_binary_har_classifier)
==34434==    by 0x40028ED: runExperiment (in /home/jasmin/Dokumente/Uni/Bachelorarbeit/ForkOfOnDeviceTraining/build/examples/examples/har_classifier/train_c_binary_har_classifier)
==34434==    by 0x400329F: main (in /home/jasmin/Dokumente/Uni/Bachelorarbeit/ForkOfOnDeviceTraining/build/examples/examples/har_classifier/train_c_binary_har_classifier)
==34434==  Uninitialised value was created by a stack allocation
==34434==    at 0x400ECB1: mseLossBackwardSymInt32 (in /home/jasmin/Dokumente/Uni/Bachelorarbeit/ForkOfOnDeviceTraining/build/examples/examples/har_classifier/train_c_binary_har_classifier)
==34434== 
==34434== Conditional jump or move depends on uninitialised value(s)
==34434==    at 0x4928256: roundf (in /nix/store/l0l2ll1lmylczj1ihqn351af2kyp5x19-glibc-2.42-51/lib/libm.so.6)
==34434==    by 0x4022770: roundByMode (in /home/jasmin/Dokumente/Uni/Bachelorarbeit/ForkOfOnDeviceTraining/build/examples/examples/har_classifier/train_c_binary_har_classifier)
==34434==    by 0x402033D: convertFloatTensorToSymInt32Tensor (in /home/jasmin/Dokumente/Uni/Bachelorarbeit/ForkOfOnDeviceTraining/build/examples/examples/har_classifier/train_c_binary_har_classifier)
==34434==    by 0x401E9FA: addSymInt32TensorsInplace (in /home/jasmin/Dokumente/Uni/Bachelorarbeit/ForkOfOnDeviceTraining/build/examples/examples/har_classifier/train_c_binary_har_classifier)
==34434==    by 0x4011AC6: linearCalcWeightGradsSymInt32 (in /home/jasmin/Dokumente/Uni/Bachelorarbeit/ForkOfOnDeviceTraining/build/examples/examples/har_classifier/train_c_binary_har_classifier)
==34434==    by 0x4011CEC: linearCalcWeightGradsSymInt32WithConversion (in /home/jasmin/Dokumente/Uni/Bachelorarbeit/ForkOfOnDeviceTraining/build/examples/examples/har_classifier/train_c_binary_har_classifier)
==34434==    by 0x4012A38: linearBackward (in /home/jasmin/Dokumente/Uni/Bachelorarbeit/ForkOfOnDeviceTraining/build/examples/examples/har_classifier/train_c_binary_har_classifier)
==34434==    by 0x400B1D4: calculateGradsSequential (in /home/jasmin/Dokumente/Uni/Bachelorarbeit/ForkOfOnDeviceTraining/build/examples/examples/har_classifier/train_c_binary_har_classifier)
==34434==    by 0x400E1E5: trainingBatchDefault (in /home/jasmin/Dokumente/Uni/Bachelorarbeit/ForkOfOnDeviceTraining/build/examples/examples/har_classifier/train_c_binary_har_classifier)
==34434==    by 0x400B7A6: trainingEpochDefault (in /home/jasmin/Dokumente/Uni/Bachelorarbeit/ForkOfOnDeviceTraining/build/examples/examples/har_classifier/train_c_binary_har_classifier)
==34434==    by 0x400ABAF: trainingRun (in /home/jasmin/Dokumente/Uni/Bachelorarbeit/ForkOfOnDeviceTraining/build/examples/examples/har_classifier/train_c_binary_har_classifier)
==34434==    by 0x40028ED: runExperiment (in /home/jasmin/Dokumente/Uni/Bachelorarbeit/ForkOfOnDeviceTraining/build/examples/examples/har_classifier/train_c_binary_har_classifier)
==34434==  Uninitialised value was created by a stack allocation
==34434==    at 0x400ECB1: mseLossBackwardSymInt32 (in /home/jasmin/Dokumente/Uni/Bachelorarbeit/ForkOfOnDeviceTraining/build/examples/examples/har_classifier/train_c_binary_har_classifier)
==34434== 
==34434== Conditional jump or move depends on uninitialised value(s)
==34434==    at 0x492825A: roundf (in /nix/store/l0l2ll1lmylczj1ihqn351af2kyp5x19-glibc-2.42-51/lib/libm.so.6)
==34434==    by 0x4022770: roundByMode (in /home/jasmin/Dokumente/Uni/Bachelorarbeit/ForkOfOnDeviceTraining/build/examples/examples/har_classifier/train_c_binary_har_classifier)
==34434==    by 0x402033D: convertFloatTensorToSymInt32Tensor (in /home/jasmin/Dokumente/Uni/Bachelorarbeit/ForkOfOnDeviceTraining/build/examples/examples/har_classifier/train_c_binary_har_classifier)
==34434==    by 0x401E9FA: addSymInt32TensorsInplace (in /home/jasmin/Dokumente/Uni/Bachelorarbeit/ForkOfOnDeviceTraining/build/examples/examples/har_classifier/train_c_binary_har_classifier)
==34434==    by 0x4011AC6: linearCalcWeightGradsSymInt32 (in /home/jasmin/Dokumente/Uni/Bachelorarbeit/ForkOfOnDeviceTraining/build/examples/examples/har_classifier/train_c_binary_har_classifier)
==34434==    by 0x4011CEC: linearCalcWeightGradsSymInt32WithConversion (in /home/jasmin/Dokumente/Uni/Bachelorarbeit/ForkOfOnDeviceTraining/build/examples/examples/har_classifier/train_c_binary_har_classifier)
==34434==    by 0x4012A38: linearBackward (in /home/jasmin/Dokumente/Uni/Bachelorarbeit/ForkOfOnDeviceTraining/build/examples/examples/har_classifier/train_c_binary_har_classifier)
==34434==    by 0x400B1D4: calculateGradsSequential (in /home/jasmin/Dokumente/Uni/Bachelorarbeit/ForkOfOnDeviceTraining/build/examples/examples/har_classifier/train_c_binary_har_classifier)
==34434==    by 0x400E1E5: trainingBatchDefault (in /home/jasmin/Dokumente/Uni/Bachelorarbeit/ForkOfOnDeviceTraining/build/examples/examples/har_classifier/train_c_binary_har_classifier)
==34434==    by 0x400B7A6: trainingEpochDefault (in /home/jasmin/Dokumente/Uni/Bachelorarbeit/ForkOfOnDeviceTraining/build/examples/examples/har_classifier/train_c_binary_har_classifier)
==34434==    by 0x400ABAF: trainingRun (in /home/jasmin/Dokumente/Uni/Bachelorarbeit/ForkOfOnDeviceTraining/build/examples/examples/har_classifier/train_c_binary_har_classifier)
==34434==    by 0x40028ED: runExperiment (in /home/jasmin/Dokumente/Uni/Bachelorarbeit/ForkOfOnDeviceTraining/build/examples/examples/har_classifier/train_c_binary_har_classifier)
==34434==  Uninitialised value was created by a stack allocation
==34434==    at 0x400ECB1: mseLossBackwardSymInt32 (in /home/jasmin/Dokumente/Uni/Bachelorarbeit/ForkOfOnDeviceTraining/build/examples/examples/har_classifier/train_c_binary_har_classifier)
==34434== 
==34434== Conditional jump or move depends on uninitialised value(s)
==34434==    at 0x4928256: roundf (in /nix/store/l0l2ll1lmylczj1ihqn351af2kyp5x19-glibc-2.42-51/lib/libm.so.6)
==34434==    by 0x4012246: linearCalcBiasGradsSymInt32WithConversion (in /home/jasmin/Dokumente/Uni/Bachelorarbeit/ForkOfOnDeviceTraining/build/examples/examples/har_classifier/train_c_binary_har_classifier)
==34434==    by 0x4012A60: linearBackward (in /home/jasmin/Dokumente/Uni/Bachelorarbeit/ForkOfOnDeviceTraining/build/examples/examples/har_classifier/train_c_binary_har_classifier)
==34434==    by 0x400B1D4: calculateGradsSequential (in /home/jasmin/Dokumente/Uni/Bachelorarbeit/ForkOfOnDeviceTraining/build/examples/examples/har_classifier/train_c_binary_har_classifier)
==34434==    by 0x400E1E5: trainingBatchDefault (in /home/jasmin/Dokumente/Uni/Bachelorarbeit/ForkOfOnDeviceTraining/build/examples/examples/har_classifier/train_c_binary_har_classifier)
==34434==    by 0x400B7A6: trainingEpochDefault (in /home/jasmin/Dokumente/Uni/Bachelorarbeit/ForkOfOnDeviceTraining/build/examples/examples/har_classifier/train_c_binary_har_classifier)
==34434==    by 0x400ABAF: trainingRun (in /home/jasmin/Dokumente/Uni/Bachelorarbeit/ForkOfOnDeviceTraining/build/examples/examples/har_classifier/train_c_binary_har_classifier)
==34434==    by 0x40028ED: runExperiment (in /home/jasmin/Dokumente/Uni/Bachelorarbeit/ForkOfOnDeviceTraining/build/examples/examples/har_classifier/train_c_binary_har_classifier)
==34434==    by 0x400329F: main (in /home/jasmin/Dokumente/Uni/Bachelorarbeit/ForkOfOnDeviceTraining/build/examples/examples/har_classifier/train_c_binary_har_classifier)
==34434==  Uninitialised value was created by a stack allocation
==34434==    at 0x400ECB1: mseLossBackwardSymInt32 (in /home/jasmin/Dokumente/Uni/Bachelorarbeit/ForkOfOnDeviceTraining/build/examples/examples/har_classifier/train_c_binary_har_classifier)
==34434== 
==34434== Conditional jump or move depends on uninitialised value(s)
==34434==    at 0x492825A: roundf (in /nix/store/l0l2ll1lmylczj1ihqn351af2kyp5x19-glibc-2.42-51/lib/libm.so.6)
==34434==    by 0x4012246: linearCalcBiasGradsSymInt32WithConversion (in /home/jasmin/Dokumente/Uni/Bachelorarbeit/ForkOfOnDeviceTraining/build/examples/examples/har_classifier/train_c_binary_har_classifier)
==34434==    by 0x4012A60: linearBackward (in /home/jasmin/Dokumente/Uni/Bachelorarbeit/ForkOfOnDeviceTraining/build/examples/examples/har_classifier/train_c_binary_har_classifier)
==34434==    by 0x400B1D4: calculateGradsSequential (in /home/jasmin/Dokumente/Uni/Bachelorarbeit/ForkOfOnDeviceTraining/build/examples/examples/har_classifier/train_c_binary_har_classifier)
==34434==    by 0x400E1E5: trainingBatchDefault (in /home/jasmin/Dokumente/Uni/Bachelorarbeit/ForkOfOnDeviceTraining/build/examples/examples/har_classifier/train_c_binary_har_classifier)
==34434==    by 0x400B7A6: trainingEpochDefault (in /home/jasmin/Dokumente/Uni/Bachelorarbeit/ForkOfOnDeviceTraining/build/examples/examples/har_classifier/train_c_binary_har_classifier)
==34434==    by 0x400ABAF: trainingRun (in /home/jasmin/Dokumente/Uni/Bachelorarbeit/ForkOfOnDeviceTraining/build/examples/examples/har_classifier/train_c_binary_har_classifier)
==34434==    by 0x40028ED: runExperiment (in /home/jasmin/Dokumente/Uni/Bachelorarbeit/ForkOfOnDeviceTraining/build/examples/examples/har_classifier/train_c_binary_har_classifier)
==34434==    by 0x400329F: main (in /home/jasmin/Dokumente/Uni/Bachelorarbeit/ForkOfOnDeviceTraining/build/examples/examples/har_classifier/train_c_binary_har_classifier)
==34434==  Uninitialised value was created by a stack allocation
==34434==    at 0x400ECB1: mseLossBackwardSymInt32 (in /home/jasmin/Dokumente/Uni/Bachelorarbeit/ForkOfOnDeviceTraining/build/examples/examples/har_classifier/train_c_binary_har_classifier)
==34434== 
==34434== Conditional jump or move depends on uninitialised value(s)
==34434==    at 0x40202D9: convertFloatTensorToSymInt32Tensor (in /home/jasmin/Dokumente/Uni/Bachelorarbeit/ForkOfOnDeviceTraining/build/examples/examples/har_classifier/train_c_binary_har_classifier)
==34434==    by 0x4011CDE: linearCalcWeightGradsSymInt32WithConversion (in /home/jasmin/Dokumente/Uni/Bachelorarbeit/ForkOfOnDeviceTraining/build/examples/examples/har_classifier/train_c_binary_har_classifier)
==34434==    by 0x4012A38: linearBackward (in /home/jasmin/Dokumente/Uni/Bachelorarbeit/ForkOfOnDeviceTraining/build/examples/examples/har_classifier/train_c_binary_har_classifier)
==34434==    by 0x400B1D4: calculateGradsSequential (in /home/jasmin/Dokumente/Uni/Bachelorarbeit/ForkOfOnDeviceTraining/build/examples/examples/har_classifier/train_c_binary_har_classifier)
==34434==    by 0x400E1E5: trainingBatchDefault (in /home/jasmin/Dokumente/Uni/Bachelorarbeit/ForkOfOnDeviceTraining/build/examples/examples/har_classifier/train_c_binary_har_classifier)
==34434==    by 0x400B7A6: trainingEpochDefault (in /home/jasmin/Dokumente/Uni/Bachelorarbeit/ForkOfOnDeviceTraining/build/examples/examples/har_classifier/train_c_binary_har_classifier)
==34434==    by 0x400ABAF: trainingRun (in /home/jasmin/Dokumente/Uni/Bachelorarbeit/ForkOfOnDeviceTraining/build/examples/examples/har_classifier/train_c_binary_har_classifier)
==34434==    by 0x40028ED: runExperiment (in /home/jasmin/Dokumente/Uni/Bachelorarbeit/ForkOfOnDeviceTraining/build/examples/examples/har_classifier/train_c_binary_har_classifier)
==34434==    by 0x400329F: main (in /home/jasmin/Dokumente/Uni/Bachelorarbeit/ForkOfOnDeviceTraining/build/examples/examples/har_classifier/train_c_binary_har_classifier)
==34434==  Uninitialised value was created by a stack allocation
==34434==    at 0x400ECB1: mseLossBackwardSymInt32 (in /home/jasmin/Dokumente/Uni/Bachelorarbeit/ForkOfOnDeviceTraining/build/examples/examples/har_classifier/train_c_binary_har_classifier)
==34434== 
==34434== Conditional jump or move depends on uninitialised value(s)
==34434==    at 0x4928256: roundf (in /nix/store/l0l2ll1lmylczj1ihqn351af2kyp5x19-glibc-2.42-51/lib/libm.so.6)
==34434==    by 0x4022770: roundByMode (in /home/jasmin/Dokumente/Uni/Bachelorarbeit/ForkOfOnDeviceTraining/build/examples/examples/har_classifier/train_c_binary_har_classifier)
==34434==    by 0x402033D: convertFloatTensorToSymInt32Tensor (in /home/jasmin/Dokumente/Uni/Bachelorarbeit/ForkOfOnDeviceTraining/build/examples/examples/har_classifier/train_c_binary_har_classifier)
==34434==    by 0x4011CDE: linearCalcWeightGradsSymInt32WithConversion (in /home/jasmin/Dokumente/Uni/Bachelorarbeit/ForkOfOnDeviceTraining/build/examples/examples/har_classifier/train_c_binary_har_classifier)
==34434==    by 0x4012A38: linearBackward (in /home/jasmin/Dokumente/Uni/Bachelorarbeit/ForkOfOnDeviceTraining/build/examples/examples/har_classifier/train_c_binary_har_classifier)
==34434==    by 0x400B1D4: calculateGradsSequential (in /home/jasmin/Dokumente/Uni/Bachelorarbeit/ForkOfOnDeviceTraining/build/examples/examples/har_classifier/train_c_binary_har_classifier)
==34434==    by 0x400E1E5: trainingBatchDefault (in /home/jasmin/Dokumente/Uni/Bachelorarbeit/ForkOfOnDeviceTraining/build/examples/examples/har_classifier/train_c_binary_har_classifier)
==34434==    by 0x400B7A6: trainingEpochDefault (in /home/jasmin/Dokumente/Uni/Bachelorarbeit/ForkOfOnDeviceTraining/build/examples/examples/har_classifier/train_c_binary_har_classifier)
==34434==    by 0x400ABAF: trainingRun (in /home/jasmin/Dokumente/Uni/Bachelorarbeit/ForkOfOnDeviceTraining/build/examples/examples/har_classifier/train_c_binary_har_classifier)
==34434==    by 0x40028ED: runExperiment (in /home/jasmin/Dokumente/Uni/Bachelorarbeit/ForkOfOnDeviceTraining/build/examples/examples/har_classifier/train_c_binary_har_classifier)
==34434==    by 0x400329F: main (in /home/jasmin/Dokumente/Uni/Bachelorarbeit/ForkOfOnDeviceTraining/build/examples/examples/har_classifier/train_c_binary_har_classifier)
==34434==  Uninitialised value was created by a stack allocation
==34434==    at 0x400ECB1: mseLossBackwardSymInt32 (in /home/jasmin/Dokumente/Uni/Bachelorarbeit/ForkOfOnDeviceTraining/build/examples/examples/har_classifier/train_c_binary_har_classifier)
==34434== 
==34434== Conditional jump or move depends on uninitialised value(s)
==34434==    at 0x492825A: roundf (in /nix/store/l0l2ll1lmylczj1ihqn351af2kyp5x19-glibc-2.42-51/lib/libm.so.6)
==34434==    by 0x4022770: roundByMode (in /home/jasmin/Dokumente/Uni/Bachelorarbeit/ForkOfOnDeviceTraining/build/examples/examples/har_classifier/train_c_binary_har_classifier)
==34434==    by 0x402033D: convertFloatTensorToSymInt32Tensor (in /home/jasmin/Dokumente/Uni/Bachelorarbeit/ForkOfOnDeviceTraining/build/examples/examples/har_classifier/train_c_binary_har_classifier)
==34434==    by 0x4011CDE: linearCalcWeightGradsSymInt32WithConversion (in /home/jasmin/Dokumente/Uni/Bachelorarbeit/ForkOfOnDeviceTraining/build/examples/examples/har_classifier/train_c_binary_har_classifier)
==34434==    by 0x4012A38: linearBackward (in /home/jasmin/Dokumente/Uni/Bachelorarbeit/ForkOfOnDeviceTraining/build/examples/examples/har_classifier/train_c_binary_har_classifier)
==34434==    by 0x400B1D4: calculateGradsSequential (in /home/jasmin/Dokumente/Uni/Bachelorarbeit/ForkOfOnDeviceTraining/build/examples/examples/har_classifier/train_c_binary_har_classifier)
==34434==    by 0x400E1E5: trainingBatchDefault (in /home/jasmin/Dokumente/Uni/Bachelorarbeit/ForkOfOnDeviceTraining/build/examples/examples/har_classifier/train_c_binary_har_classifier)
==34434==    by 0x400B7A6: trainingEpochDefault (in /home/jasmin/Dokumente/Uni/Bachelorarbeit/ForkOfOnDeviceTraining/build/examples/examples/har_classifier/train_c_binary_har_classifier)
==34434==    by 0x400ABAF: trainingRun (in /home/jasmin/Dokumente/Uni/Bachelorarbeit/ForkOfOnDeviceTraining/build/examples/examples/har_classifier/train_c_binary_har_classifier)
==34434==    by 0x40028ED: runExperiment (in /home/jasmin/Dokumente/Uni/Bachelorarbeit/ForkOfOnDeviceTraining/build/examples/examples/har_classifier/train_c_binary_har_classifier)
==34434==    by 0x400329F: main (in /home/jasmin/Dokumente/Uni/Bachelorarbeit/ForkOfOnDeviceTraining/build/examples/examples/har_classifier/train_c_binary_har_classifier)
==34434==  Uninitialised value was created by a stack allocation
==34434==    at 0x400ECB1: mseLossBackwardSymInt32 (in /home/jasmin/Dokumente/Uni/Bachelorarbeit/ForkOfOnDeviceTraining/build/examples/examples/har_classifier/train_c_binary_har_classifier)
==34434== 
==34434== Conditional jump or move depends on uninitialised value(s)
==34434==    at 0x40202D9: convertFloatTensorToSymInt32Tensor (in /home/jasmin/Dokumente/Uni/Bachelorarbeit/ForkOfOnDeviceTraining/build/examples/examples/har_classifier/train_c_binary_har_classifier)
==34434==    by 0x4012125: linearCalcBiasGradsSymInt32WithConversion (in /home/jasmin/Dokumente/Uni/Bachelorarbeit/ForkOfOnDeviceTraining/build/examples/examples/har_classifier/train_c_binary_har_classifier)
==34434==    by 0x4012A60: linearBackward (in /home/jasmin/Dokumente/Uni/Bachelorarbeit/ForkOfOnDeviceTraining/build/examples/examples/har_classifier/train_c_binary_har_classifier)
==34434==    by 0x400B1D4: calculateGradsSequential (in /home/jasmin/Dokumente/Uni/Bachelorarbeit/ForkOfOnDeviceTraining/build/examples/examples/har_classifier/train_c_binary_har_classifier)
==34434==    by 0x400E1E5: trainingBatchDefault (in /home/jasmin/Dokumente/Uni/Bachelorarbeit/ForkOfOnDeviceTraining/build/examples/examples/har_classifier/train_c_binary_har_classifier)
==34434==    by 0x400B7A6: trainingEpochDefault (in /home/jasmin/Dokumente/Uni/Bachelorarbeit/ForkOfOnDeviceTraining/build/examples/examples/har_classifier/train_c_binary_har_classifier)
==34434==    by 0x400ABAF: trainingRun (in /home/jasmin/Dokumente/Uni/Bachelorarbeit/ForkOfOnDeviceTraining/build/examples/examples/har_classifier/train_c_binary_har_classifier)
==34434==    by 0x40028ED: runExperiment (in /home/jasmin/Dokumente/Uni/Bachelorarbeit/ForkOfOnDeviceTraining/build/examples/examples/har_classifier/train_c_binary_har_classifier)
==34434==    by 0x400329F: main (in /home/jasmin/Dokumente/Uni/Bachelorarbeit/ForkOfOnDeviceTraining/build/examples/examples/har_classifier/train_c_binary_har_classifier)
==34434==  Uninitialised value was created by a stack allocation
==34434==    at 0x400ECB1: mseLossBackwardSymInt32 (in /home/jasmin/Dokumente/Uni/Bachelorarbeit/ForkOfOnDeviceTraining/build/examples/examples/har_classifier/train_c_binary_har_classifier)
==34434== 
==34434== Conditional jump or move depends on uninitialised value(s)
==34434==    at 0x4928256: roundf (in /nix/store/l0l2ll1lmylczj1ihqn351af2kyp5x19-glibc-2.42-51/lib/libm.so.6)
==34434==    by 0x4022770: roundByMode (in /home/jasmin/Dokumente/Uni/Bachelorarbeit/ForkOfOnDeviceTraining/build/examples/examples/har_classifier/train_c_binary_har_classifier)
==34434==    by 0x402033D: convertFloatTensorToSymInt32Tensor (in /home/jasmin/Dokumente/Uni/Bachelorarbeit/ForkOfOnDeviceTraining/build/examples/examples/har_classifier/train_c_binary_har_classifier)
==34434==    by 0x4012125: linearCalcBiasGradsSymInt32WithConversion (in /home/jasmin/Dokumente/Uni/Bachelorarbeit/ForkOfOnDeviceTraining/build/examples/examples/har_classifier/train_c_binary_har_classifier)
==34434==    by 0x4012A60: linearBackward (in /home/jasmin/Dokumente/Uni/Bachelorarbeit/ForkOfOnDeviceTraining/build/examples/examples/har_classifier/train_c_binary_har_classifier)
==34434==    by 0x400B1D4: calculateGradsSequential (in /home/jasmin/Dokumente/Uni/Bachelorarbeit/ForkOfOnDeviceTraining/build/examples/examples/har_classifier/train_c_binary_har_classifier)
==34434==    by 0x400E1E5: trainingBatchDefault (in /home/jasmin/Dokumente/Uni/Bachelorarbeit/ForkOfOnDeviceTraining/build/examples/examples/har_classifier/train_c_binary_har_classifier)
==34434==    by 0x400B7A6: trainingEpochDefault (in /home/jasmin/Dokumente/Uni/Bachelorarbeit/ForkOfOnDeviceTraining/build/examples/examples/har_classifier/train_c_binary_har_classifier)
==34434==    by 0x400ABAF: trainingRun (in /home/jasmin/Dokumente/Uni/Bachelorarbeit/ForkOfOnDeviceTraining/build/examples/examples/har_classifier/train_c_binary_har_classifier)
==34434==    by 0x40028ED: runExperiment (in /home/jasmin/Dokumente/Uni/Bachelorarbeit/ForkOfOnDeviceTraining/build/examples/examples/har_classifier/train_c_binary_har_classifier)
==34434==    by 0x400329F: main (in /home/jasmin/Dokumente/Uni/Bachelorarbeit/ForkOfOnDeviceTraining/build/examples/examples/har_classifier/train_c_binary_har_classifier)
==34434==  Uninitialised value was created by a stack allocation
==34434==    at 0x400ECB1: mseLossBackwardSymInt32 (in /home/jasmin/Dokumente/Uni/Bachelorarbeit/ForkOfOnDeviceTraining/build/examples/examples/har_classifier/train_c_binary_har_classifier)
==34434== 
==34434== Conditional jump or move depends on uninitialised value(s)
==34434==    at 0x492825A: roundf (in /nix/store/l0l2ll1lmylczj1ihqn351af2kyp5x19-glibc-2.42-51/lib/libm.so.6)
==34434==    by 0x4022770: roundByMode (in /home/jasmin/Dokumente/Uni/Bachelorarbeit/ForkOfOnDeviceTraining/build/examples/examples/har_classifier/train_c_binary_har_classifier)
==34434==    by 0x402033D: convertFloatTensorToSymInt32Tensor (in /home/jasmin/Dokumente/Uni/Bachelorarbeit/ForkOfOnDeviceTraining/build/examples/examples/har_classifier/train_c_binary_har_classifier)
==34434==    by 0x4012125: linearCalcBiasGradsSymInt32WithConversion (in /home/jasmin/Dokumente/Uni/Bachelorarbeit/ForkOfOnDeviceTraining/build/examples/examples/har_classifier/train_c_binary_har_classifier)
==34434==    by 0x4012A60: linearBackward (in /home/jasmin/Dokumente/Uni/Bachelorarbeit/ForkOfOnDeviceTraining/build/examples/examples/har_classifier/train_c_binary_har_classifier)
==34434==    by 0x400B1D4: calculateGradsSequential (in /home/jasmin/Dokumente/Uni/Bachelorarbeit/ForkOfOnDeviceTraining/build/examples/examples/har_classifier/train_c_binary_har_classifier)
==34434==    by 0x400E1E5: trainingBatchDefault (in /home/jasmin/Dokumente/Uni/Bachelorarbeit/ForkOfOnDeviceTraining/build/examples/examples/har_classifier/train_c_binary_har_classifier)
==34434==    by 0x400B7A6: trainingEpochDefault (in /home/jasmin/Dokumente/Uni/Bachelorarbeit/ForkOfOnDeviceTraining/build/examples/examples/har_classifier/train_c_binary_har_classifier)
==34434==    by 0x400ABAF: trainingRun (in /home/jasmin/Dokumente/Uni/Bachelorarbeit/ForkOfOnDeviceTraining/build/examples/examples/har_classifier/train_c_binary_har_classifier)
==34434==    by 0x40028ED: runExperiment (in /home/jasmin/Dokumente/Uni/Bachelorarbeit/ForkOfOnDeviceTraining/build/examples/examples/har_classifier/train_c_binary_har_classifier)
==34434==    by 0x400329F: main (in /home/jasmin/Dokumente/Uni/Bachelorarbeit/ForkOfOnDeviceTraining/build/examples/examples/har_classifier/train_c_binary_har_classifier)
==34434==  Uninitialised value was created by a stack allocation
==34434==    at 0x400ECB1: mseLossBackwardSymInt32 (in /home/jasmin/Dokumente/Uni/Bachelorarbeit/ForkOfOnDeviceTraining/build/examples/examples/har_classifier/train_c_binary_har_classifier)
==34434== 
==34434== Conditional jump or move depends on uninitialised value(s)
==34434==    at 0x40202D9: convertFloatTensorToSymInt32Tensor (in /home/jasmin/Dokumente/Uni/Bachelorarbeit/ForkOfOnDeviceTraining/build/examples/examples/har_classifier/train_c_binary_har_classifier)
==34434==    by 0x400C9A2: sgdStepMSymInt32 (in /home/jasmin/Dokumente/Uni/Bachelorarbeit/ForkOfOnDeviceTraining/build/examples/examples/har_classifier/train_c_binary_har_classifier)
==34434==    by 0x400B753: trainingEpochDefault (in /home/jasmin/Dokumente/Uni/Bachelorarbeit/ForkOfOnDeviceTraining/build/examples/examples/har_classifier/train_c_binary_har_classifier)
==34434==    by 0x400ABAF: trainingRun (in /home/jasmin/Dokumente/Uni/Bachelorarbeit/ForkOfOnDeviceTraining/build/examples/examples/har_classifier/train_c_binary_har_classifier)
==34434==    by 0x40028ED: runExperiment (in /home/jasmin/Dokumente/Uni/Bachelorarbeit/ForkOfOnDeviceTraining/build/examples/examples/har_classifier/train_c_binary_har_classifier)
==34434==    by 0x400329F: main (in /home/jasmin/Dokumente/Uni/Bachelorarbeit/ForkOfOnDeviceTraining/build/examples/examples/har_classifier/train_c_binary_har_classifier)
==34434==  Uninitialised value was created by a stack allocation
==34434==    at 0x400ECB1: mseLossBackwardSymInt32 (in /home/jasmin/Dokumente/Uni/Bachelorarbeit/ForkOfOnDeviceTraining/build/examples/examples/har_classifier/train_c_binary_har_classifier)
==34434== 
==34434== Conditional jump or move depends on uninitialised value(s)
==34434==    at 0x4928256: roundf (in /nix/store/l0l2ll1lmylczj1ihqn351af2kyp5x19-glibc-2.42-51/lib/libm.so.6)
==34434==    by 0x4022770: roundByMode (in /home/jasmin/Dokumente/Uni/Bachelorarbeit/ForkOfOnDeviceTraining/build/examples/examples/har_classifier/train_c_binary_har_classifier)
==34434==    by 0x402033D: convertFloatTensorToSymInt32Tensor (in /home/jasmin/Dokumente/Uni/Bachelorarbeit/ForkOfOnDeviceTraining/build/examples/examples/har_classifier/train_c_binary_har_classifier)
==34434==    by 0x400C9A2: sgdStepMSymInt32 (in /home/jasmin/Dokumente/Uni/Bachelorarbeit/ForkOfOnDeviceTraining/build/examples/examples/har_classifier/train_c_binary_har_classifier)
==34434==    by 0x400B753: trainingEpochDefault (in /home/jasmin/Dokumente/Uni/Bachelorarbeit/ForkOfOnDeviceTraining/build/examples/examples/har_classifier/train_c_binary_har_classifier)
==34434==    by 0x400ABAF: trainingRun (in /home/jasmin/Dokumente/Uni/Bachelorarbeit/ForkOfOnDeviceTraining/build/examples/examples/har_classifier/train_c_binary_har_classifier)
==34434==    by 0x40028ED: runExperiment (in /home/jasmin/Dokumente/Uni/Bachelorarbeit/ForkOfOnDeviceTraining/build/examples/examples/har_classifier/train_c_binary_har_classifier)
==34434==    by 0x400329F: main (in /home/jasmin/Dokumente/Uni/Bachelorarbeit/ForkOfOnDeviceTraining/build/examples/examples/har_classifier/train_c_binary_har_classifier)
==34434==  Uninitialised value was created by a stack allocation
==34434==    at 0x400ECB1: mseLossBackwardSymInt32 (in /home/jasmin/Dokumente/Uni/Bachelorarbeit/ForkOfOnDeviceTraining/build/examples/examples/har_classifier/train_c_binary_har_classifier)
==34434== 
==34434== Conditional jump or move depends on uninitialised value(s)
==34434==    at 0x492825A: roundf (in /nix/store/l0l2ll1lmylczj1ihqn351af2kyp5x19-glibc-2.42-51/lib/libm.so.6)
==34434==    by 0x4022770: roundByMode (in /home/jasmin/Dokumente/Uni/Bachelorarbeit/ForkOfOnDeviceTraining/build/examples/examples/har_classifier/train_c_binary_har_classifier)
==34434==    by 0x402033D: convertFloatTensorToSymInt32Tensor (in /home/jasmin/Dokumente/Uni/Bachelorarbeit/ForkOfOnDeviceTraining/build/examples/examples/har_classifier/train_c_binary_har_classifier)
==34434==    by 0x400C9A2: sgdStepMSymInt32 (in /home/jasmin/Dokumente/Uni/Bachelorarbeit/ForkOfOnDeviceTraining/build/examples/examples/har_classifier/train_c_binary_har_classifier)
==34434==    by 0x400B753: trainingEpochDefault (in /home/jasmin/Dokumente/Uni/Bachelorarbeit/ForkOfOnDeviceTraining/build/examples/examples/har_classifier/train_c_binary_har_classifier)
==34434==    by 0x400ABAF: trainingRun (in /home/jasmin/Dokumente/Uni/Bachelorarbeit/ForkOfOnDeviceTraining/build/examples/examples/har_classifier/train_c_binary_har_classifier)
==34434==    by 0x40028ED: runExperiment (in /home/jasmin/Dokumente/Uni/Bachelorarbeit/ForkOfOnDeviceTraining/build/examples/examples/har_classifier/train_c_binary_har_classifier)
==34434==    by 0x400329F: main (in /home/jasmin/Dokumente/Uni/Bachelorarbeit/ForkOfOnDeviceTraining/build/examples/examples/har_classifier/train_c_binary_har_classifier)
==34434==  Uninitialised value was created by a stack allocation
==34434==    at 0x400ECB1: mseLossBackwardSymInt32 (in /home/jasmin/Dokumente/Uni/Bachelorarbeit/ForkOfOnDeviceTraining/build/examples/examples/har_classifier/train_c_binary_har_classifier)
==34434== 
==34434== Conditional jump or move depends on uninitialised value(s)
==34434==    at 0x40202D9: convertFloatTensorToSymInt32Tensor (in /home/jasmin/Dokumente/Uni/Bachelorarbeit/ForkOfOnDeviceTraining/build/examples/examples/har_classifier/train_c_binary_har_classifier)
==34434==    by 0x400C9B8: sgdStepMSymInt32 (in /home/jasmin/Dokumente/Uni/Bachelorarbeit/ForkOfOnDeviceTraining/build/examples/examples/har_classifier/train_c_binary_har_classifier)
==34434==    by 0x400B753: trainingEpochDefault (in /home/jasmin/Dokumente/Uni/Bachelorarbeit/ForkOfOnDeviceTraining/build/examples/examples/har_classifier/train_c_binary_har_classifier)
==34434==    by 0x400ABAF: trainingRun (in /home/jasmin/Dokumente/Uni/Bachelorarbeit/ForkOfOnDeviceTraining/build/examples/examples/har_classifier/train_c_binary_har_classifier)
==34434==    by 0x40028ED: runExperiment (in /home/jasmin/Dokumente/Uni/Bachelorarbeit/ForkOfOnDeviceTraining/build/examples/examples/har_classifier/train_c_binary_har_classifier)
==34434==    by 0x400329F: main (in /home/jasmin/Dokumente/Uni/Bachelorarbeit/ForkOfOnDeviceTraining/build/examples/examples/har_classifier/train_c_binary_har_classifier)
==34434==  Uninitialised value was created by a stack allocation
==34434==    at 0x400ECB1: mseLossBackwardSymInt32 (in /home/jasmin/Dokumente/Uni/Bachelorarbeit/ForkOfOnDeviceTraining/build/examples/examples/har_classifier/train_c_binary_har_classifier)
==34434== 
==34434== Conditional jump or move depends on uninitialised value(s)
==34434==    at 0x4928256: roundf (in /nix/store/l0l2ll1lmylczj1ihqn351af2kyp5x19-glibc-2.42-51/lib/libm.so.6)
==34434==    by 0x4022770: roundByMode (in /home/jasmin/Dokumente/Uni/Bachelorarbeit/ForkOfOnDeviceTraining/build/examples/examples/har_classifier/train_c_binary_har_classifier)
==34434==    by 0x402033D: convertFloatTensorToSymInt32Tensor (in /home/jasmin/Dokumente/Uni/Bachelorarbeit/ForkOfOnDeviceTraining/build/examples/examples/har_classifier/train_c_binary_har_classifier)
==34434==    by 0x400C9B8: sgdStepMSymInt32 (in /home/jasmin/Dokumente/Uni/Bachelorarbeit/ForkOfOnDeviceTraining/build/examples/examples/har_classifier/train_c_binary_har_classifier)
==34434==    by 0x400B753: trainingEpochDefault (in /home/jasmin/Dokumente/Uni/Bachelorarbeit/ForkOfOnDeviceTraining/build/examples/examples/har_classifier/train_c_binary_har_classifier)
==34434==    by 0x400ABAF: trainingRun (in /home/jasmin/Dokumente/Uni/Bachelorarbeit/ForkOfOnDeviceTraining/build/examples/examples/har_classifier/train_c_binary_har_classifier)
==34434==    by 0x40028ED: runExperiment (in /home/jasmin/Dokumente/Uni/Bachelorarbeit/ForkOfOnDeviceTraining/build/examples/examples/har_classifier/train_c_binary_har_classifier)
==34434==    by 0x400329F: main (in /home/jasmin/Dokumente/Uni/Bachelorarbeit/ForkOfOnDeviceTraining/build/examples/examples/har_classifier/train_c_binary_har_classifier)
==34434==  Uninitialised value was created by a stack allocation
==34434==    at 0x400ECB1: mseLossBackwardSymInt32 (in /home/jasmin/Dokumente/Uni/Bachelorarbeit/ForkOfOnDeviceTraining/build/examples/examples/har_classifier/train_c_binary_har_classifier)
==34434== 
==34434== Conditional jump or move depends on uninitialised value(s)
==34434==    at 0x492825A: roundf (in /nix/store/l0l2ll1lmylczj1ihqn351af2kyp5x19-glibc-2.42-51/lib/libm.so.6)
==34434==    by 0x4022770: roundByMode (in /home/jasmin/Dokumente/Uni/Bachelorarbeit/ForkOfOnDeviceTraining/build/examples/examples/har_classifier/train_c_binary_har_classifier)
==34434==    by 0x402033D: convertFloatTensorToSymInt32Tensor (in /home/jasmin/Dokumente/Uni/Bachelorarbeit/ForkOfOnDeviceTraining/build/examples/examples/har_classifier/train_c_binary_har_classifier)
==34434==    by 0x400C9B8: sgdStepMSymInt32 (in /home/jasmin/Dokumente/Uni/Bachelorarbeit/ForkOfOnDeviceTraining/build/examples/examples/har_classifier/train_c_binary_har_classifier)
==34434==    by 0x400B753: trainingEpochDefault (in /home/jasmin/Dokumente/Uni/Bachelorarbeit/ForkOfOnDeviceTraining/build/examples/examples/har_classifier/train_c_binary_har_classifier)
==34434==    by 0x400ABAF: trainingRun (in /home/jasmin/Dokumente/Uni/Bachelorarbeit/ForkOfOnDeviceTraining/build/examples/examples/har_classifier/train_c_binary_har_classifier)
==34434==    by 0x40028ED: runExperiment (in /home/jasmin/Dokumente/Uni/Bachelorarbeit/ForkOfOnDeviceTraining/build/examples/examples/har_classifier/train_c_binary_har_classifier)
==34434==    by 0x400329F: main (in /home/jasmin/Dokumente/Uni/Bachelorarbeit/ForkOfOnDeviceTraining/build/examples/examples/har_classifier/train_c_binary_har_classifier)
==34434==  Uninitialised value was created by a stack allocation
==34434==    at 0x400ECB1: mseLossBackwardSymInt32 (in /home/jasmin/Dokumente/Uni/Bachelorarbeit/ForkOfOnDeviceTraining/build/examples/examples/har_classifier/train_c_binary_har_classifier)
==34434== 
==34434== Conditional jump or move depends on uninitialised value(s)
==34434==    at 0x40227A9: rescaleIntoAccumulatorScale (in /home/jasmin/Dokumente/Uni/Bachelorarbeit/ForkOfOnDeviceTraining/build/examples/examples/har_classifier/train_c_binary_har_classifier)
==34434==    by 0x401FBC0: matmulSymInt32TensorsWithBias (in /home/jasmin/Dokumente/Uni/Bachelorarbeit/ForkOfOnDeviceTraining/build/examples/examples/har_classifier/train_c_binary_har_classifier)
==34434==    by 0x4010E47: linearForward (in /home/jasmin/Dokumente/Uni/Bachelorarbeit/ForkOfOnDeviceTraining/build/examples/examples/har_classifier/train_c_binary_har_classifier)
==34434==    by 0x400B0D8: calculateGradsSequential (in /home/jasmin/Dokumente/Uni/Bachelorarbeit/ForkOfOnDeviceTraining/build/examples/examples/har_classifier/train_c_binary_har_classifier)
==34434==    by 0x400E1E5: trainingBatchDefault (in /home/jasmin/Dokumente/Uni/Bachelorarbeit/ForkOfOnDeviceTraining/build/examples/examples/har_classifier/train_c_binary_har_classifier)
==34434==    by 0x400B7A6: trainingEpochDefault (in /home/jasmin/Dokumente/Uni/Bachelorarbeit/ForkOfOnDeviceTraining/build/examples/examples/har_classifier/train_c_binary_har_classifier)
==34434==    by 0x400ABAF: trainingRun (in /home/jasmin/Dokumente/Uni/Bachelorarbeit/ForkOfOnDeviceTraining/build/examples/examples/har_classifier/train_c_binary_har_classifier)
==34434==    by 0x40028ED: runExperiment (in /home/jasmin/Dokumente/Uni/Bachelorarbeit/ForkOfOnDeviceTraining/build/examples/examples/har_classifier/train_c_binary_har_classifier)
==34434==    by 0x400329F: main (in /home/jasmin/Dokumente/Uni/Bachelorarbeit/ForkOfOnDeviceTraining/build/examples/examples/har_classifier/train_c_binary_har_classifier)
==34434==  Uninitialised value was created by a stack allocation
==34434==    at 0x400ECB1: mseLossBackwardSymInt32 (in /home/jasmin/Dokumente/Uni/Bachelorarbeit/ForkOfOnDeviceTraining/build/examples/examples/har_classifier/train_c_binary_har_classifier)
==34434== 
==34434== Conditional jump or move depends on uninitialised value(s)
==34434==    at 0x4928256: roundf (in /nix/store/l0l2ll1lmylczj1ihqn351af2kyp5x19-glibc-2.42-51/lib/libm.so.6)
==34434==    by 0x40227D5: rescaleIntoAccumulatorScale (in /home/jasmin/Dokumente/Uni/Bachelorarbeit/ForkOfOnDeviceTraining/build/examples/examples/har_classifier/train_c_binary_har_classifier)
==34434==    by 0x401FBC0: matmulSymInt32TensorsWithBias (in /home/jasmin/Dokumente/Uni/Bachelorarbeit/ForkOfOnDeviceTraining/build/examples/examples/har_classifier/train_c_binary_har_classifier)
==34434==    by 0x4010E47: linearForward (in /home/jasmin/Dokumente/Uni/Bachelorarbeit/ForkOfOnDeviceTraining/build/examples/examples/har_classifier/train_c_binary_har_classifier)
==34434==    by 0x400B0D8: calculateGradsSequential (in /home/jasmin/Dokumente/Uni/Bachelorarbeit/ForkOfOnDeviceTraining/build/examples/examples/har_classifier/train_c_binary_har_classifier)
==34434==    by 0x400E1E5: trainingBatchDefault (in /home/jasmin/Dokumente/Uni/Bachelorarbeit/ForkOfOnDeviceTraining/build/examples/examples/har_classifier/train_c_binary_har_classifier)
==34434==    by 0x400B7A6: trainingEpochDefault (in /home/jasmin/Dokumente/Uni/Bachelorarbeit/ForkOfOnDeviceTraining/build/examples/examples/har_classifier/train_c_binary_har_classifier)
==34434==    by 0x400ABAF: trainingRun (in /home/jasmin/Dokumente/Uni/Bachelorarbeit/ForkOfOnDeviceTraining/build/examples/examples/har_classifier/train_c_binary_har_classifier)
==34434==    by 0x40028ED: runExperiment (in /home/jasmin/Dokumente/Uni/Bachelorarbeit/ForkOfOnDeviceTraining/build/examples/examples/har_classifier/train_c_binary_har_classifier)
==34434==    by 0x400329F: main (in /home/jasmin/Dokumente/Uni/Bachelorarbeit/ForkOfOnDeviceTraining/build/examples/examples/har_classifier/train_c_binary_har_classifier)
==34434==  Uninitialised value was created by a stack allocation
==34434==    at 0x400ECB1: mseLossBackwardSymInt32 (in /home/jasmin/Dokumente/Uni/Bachelorarbeit/ForkOfOnDeviceTraining/build/examples/examples/har_classifier/train_c_binary_har_classifier)
==34434== 
==34434== Conditional jump or move depends on uninitialised value(s)
==34434==    at 0x492825A: roundf (in /nix/store/l0l2ll1lmylczj1ihqn351af2kyp5x19-glibc-2.42-51/lib/libm.so.6)
==34434==    by 0x40227D5: rescaleIntoAccumulatorScale (in /home/jasmin/Dokumente/Uni/Bachelorarbeit/ForkOfOnDeviceTraining/build/examples/examples/har_classifier/train_c_binary_har_classifier)
==34434==    by 0x401FBC0: matmulSymInt32TensorsWithBias (in /home/jasmin/Dokumente/Uni/Bachelorarbeit/ForkOfOnDeviceTraining/build/examples/examples/har_classifier/train_c_binary_har_classifier)
==34434==    by 0x4010E47: linearForward (in /home/jasmin/Dokumente/Uni/Bachelorarbeit/ForkOfOnDeviceTraining/build/examples/examples/har_classifier/train_c_binary_har_classifier)
==34434==    by 0x400B0D8: calculateGradsSequential (in /home/jasmin/Dokumente/Uni/Bachelorarbeit/ForkOfOnDeviceTraining/build/examples/examples/har_classifier/train_c_binary_har_classifier)
==34434==    by 0x400E1E5: trainingBatchDefault (in /home/jasmin/Dokumente/Uni/Bachelorarbeit/ForkOfOnDeviceTraining/build/examples/examples/har_classifier/train_c_binary_har_classifier)
==34434==    by 0x400B7A6: trainingEpochDefault (in /home/jasmin/Dokumente/Uni/Bachelorarbeit/ForkOfOnDeviceTraining/build/examples/examples/har_classifier/train_c_binary_har_classifier)
==34434==    by 0x400ABAF: trainingRun (in /home/jasmin/Dokumente/Uni/Bachelorarbeit/ForkOfOnDeviceTraining/build/examples/examples/har_classifier/train_c_binary_har_classifier)
==34434==    by 0x40028ED: runExperiment (in /home/jasmin/Dokumente/Uni/Bachelorarbeit/ForkOfOnDeviceTraining/build/examples/examples/har_classifier/train_c_binary_har_classifier)
==34434==    by 0x400329F: main (in /home/jasmin/Dokumente/Uni/Bachelorarbeit/ForkOfOnDeviceTraining/build/examples/examples/har_classifier/train_c_binary_har_classifier)
==34434==  Uninitialised value was created by a stack allocation
==34434==    at 0x400ECB1: mseLossBackwardSymInt32 (in /home/jasmin/Dokumente/Uni/Bachelorarbeit/ForkOfOnDeviceTraining/build/examples/examples/har_classifier/train_c_binary_har_classifier)
==34434== 
==34434== Conditional jump or move depends on uninitialised value(s)
==34434==    at 0x4012FBD: reluBackward (in /home/jasmin/Dokumente/Uni/Bachelorarbeit/ForkOfOnDeviceTraining/build/examples/examples/har_classifier/train_c_binary_har_classifier)
==34434==    by 0x400B1D4: calculateGradsSequential (in /home/jasmin/Dokumente/Uni/Bachelorarbeit/ForkOfOnDeviceTraining/build/examples/examples/har_classifier/train_c_binary_har_classifier)
==34434==    by 0x400E1E5: trainingBatchDefault (in /home/jasmin/Dokumente/Uni/Bachelorarbeit/ForkOfOnDeviceTraining/build/examples/examples/har_classifier/train_c_binary_har_classifier)
==34434==    by 0x400B7A6: trainingEpochDefault (in /home/jasmin/Dokumente/Uni/Bachelorarbeit/ForkOfOnDeviceTraining/build/examples/examples/har_classifier/train_c_binary_har_classifier)
==34434==    by 0x400ABAF: trainingRun (in /home/jasmin/Dokumente/Uni/Bachelorarbeit/ForkOfOnDeviceTraining/build/examples/examples/har_classifier/train_c_binary_har_classifier)
==34434==    by 0x40028ED: runExperiment (in /home/jasmin/Dokumente/Uni/Bachelorarbeit/ForkOfOnDeviceTraining/build/examples/examples/har_classifier/train_c_binary_har_classifier)
==34434==    by 0x400329F: main (in /home/jasmin/Dokumente/Uni/Bachelorarbeit/ForkOfOnDeviceTraining/build/examples/examples/har_classifier/train_c_binary_har_classifier)
==34434==  Uninitialised value was created by a stack allocation
==34434==    at 0x400ECB1: mseLossBackwardSymInt32 (in /home/jasmin/Dokumente/Uni/Bachelorarbeit/ForkOfOnDeviceTraining/build/examples/examples/har_classifier/train_c_binary_har_classifier)
==34434== 
==34434== Conditional jump or move depends on uninitialised value(s)
==34434==    at 0x4012FCC: reluBackward (in /home/jasmin/Dokumente/Uni/Bachelorarbeit/ForkOfOnDeviceTraining/build/examples/examples/har_classifier/train_c_binary_har_classifier)
==34434==    by 0x400B1D4: calculateGradsSequential (in /home/jasmin/Dokumente/Uni/Bachelorarbeit/ForkOfOnDeviceTraining/build/examples/examples/har_classifier/train_c_binary_har_classifier)
==34434==    by 0x400E1E5: trainingBatchDefault (in /home/jasmin/Dokumente/Uni/Bachelorarbeit/ForkOfOnDeviceTraining/build/examples/examples/har_classifier/train_c_binary_har_classifier)
==34434==    by 0x400B7A6: trainingEpochDefault (in /home/jasmin/Dokumente/Uni/Bachelorarbeit/ForkOfOnDeviceTraining/build/examples/examples/har_classifier/train_c_binary_har_classifier)
==34434==    by 0x400ABAF: trainingRun (in /home/jasmin/Dokumente/Uni/Bachelorarbeit/ForkOfOnDeviceTraining/build/examples/examples/har_classifier/train_c_binary_har_classifier)
==34434==    by 0x40028ED: runExperiment (in /home/jasmin/Dokumente/Uni/Bachelorarbeit/ForkOfOnDeviceTraining/build/examples/examples/har_classifier/train_c_binary_har_classifier)
==34434==    by 0x400329F: main (in /home/jasmin/Dokumente/Uni/Bachelorarbeit/ForkOfOnDeviceTraining/build/examples/examples/har_classifier/train_c_binary_har_classifier)
==34434==  Uninitialised value was created by a stack allocation
==34434==    at 0x400ECB1: mseLossBackwardSymInt32 (in /home/jasmin/Dokumente/Uni/Bachelorarbeit/ForkOfOnDeviceTraining/build/examples/examples/har_classifier/train_c_binary_har_classifier)
==34434== 
==34434== Conditional jump or move depends on uninitialised value(s)
==34434==    at 0x40227A9: rescaleIntoAccumulatorScale (in /home/jasmin/Dokumente/Uni/Bachelorarbeit/ForkOfOnDeviceTraining/build/examples/examples/har_classifier/train_c_binary_har_classifier)
==34434==    by 0x401FBC0: matmulSymInt32TensorsWithBias (in /home/jasmin/Dokumente/Uni/Bachelorarbeit/ForkOfOnDeviceTraining/build/examples/examples/har_classifier/train_c_binary_har_classifier)
==34434==    by 0x4010E47: linearForward (in /home/jasmin/Dokumente/Uni/Bachelorarbeit/ForkOfOnDeviceTraining/build/examples/examples/har_classifier/train_c_binary_har_classifier)
==34434==    by 0x400DA14: inferenceWithLoss (in /home/jasmin/Dokumente/Uni/Bachelorarbeit/ForkOfOnDeviceTraining/build/examples/examples/har_classifier/train_c_binary_har_classifier)
==34434==    by 0x400A2D9: evaluateEpochInternal (in /home/jasmin/Dokumente/Uni/Bachelorarbeit/ForkOfOnDeviceTraining/build/examples/examples/har_classifier/train_c_binary_har_classifier)
==34434==    by 0x400ABDD: trainingRun (in /home/jasmin/Dokumente/Uni/Bachelorarbeit/ForkOfOnDeviceTraining/build/examples/examples/har_classifier/train_c_binary_har_classifier)
==34434==    by 0x40028ED: runExperiment (in /home/jasmin/Dokumente/Uni/Bachelorarbeit/ForkOfOnDeviceTraining/build/examples/examples/har_classifier/train_c_binary_har_classifier)
==34434==    by 0x400329F: main (in /home/jasmin/Dokumente/Uni/Bachelorarbeit/ForkOfOnDeviceTraining/build/examples/examples/har_classifier/train_c_binary_har_classifier)
==34434==  Uninitialised value was created by a stack allocation
==34434==    at 0x400ECB1: mseLossBackwardSymInt32 (in /home/jasmin/Dokumente/Uni/Bachelorarbeit/ForkOfOnDeviceTraining/build/examples/examples/har_classifier/train_c_binary_har_classifier)
==34434== 
==34434== Invalid write of size 8
==34434==    at 0x48AA964: memmove (in /nix/store/1ds784mmv5l6a91lc8iyrcis5lgqdy4d-valgrind-3.26.0/libexec/valgrind/vgpreload_memcheck-amd64-linux.so)
==34434==    by 0x4009B7E: copyTensor (in /home/jasmin/Dokumente/Uni/Bachelorarbeit/ForkOfOnDeviceTraining/build/examples/examples/har_classifier/train_c_binary_har_classifier)
==34434==    by 0x400DA64: inferenceWithLoss (in /home/jasmin/Dokumente/Uni/Bachelorarbeit/ForkOfOnDeviceTraining/build/examples/examples/har_classifier/train_c_binary_har_classifier)
==34434==    by 0x400A2D9: evaluateEpochInternal (in /home/jasmin/Dokumente/Uni/Bachelorarbeit/ForkOfOnDeviceTraining/build/examples/examples/har_classifier/train_c_binary_har_classifier)
==34434==    by 0x400ABDD: trainingRun (in /home/jasmin/Dokumente/Uni/Bachelorarbeit/ForkOfOnDeviceTraining/build/examples/examples/har_classifier/train_c_binary_har_classifier)
==34434==    by 0x40028ED: runExperiment (in /home/jasmin/Dokumente/Uni/Bachelorarbeit/ForkOfOnDeviceTraining/build/examples/examples/har_classifier/train_c_binary_har_classifier)
==34434==    by 0x400329F: main (in /home/jasmin/Dokumente/Uni/Bachelorarbeit/ForkOfOnDeviceTraining/build/examples/examples/har_classifier/train_c_binary_har_classifier)
==34434==  Address 0x6a1d338 is 0 bytes after a block of size 8 alloc'd
==34434==    at 0x48A3549: calloc (in /nix/store/1ds784mmv5l6a91lc8iyrcis5lgqdy4d-valgrind-3.26.0/libexec/valgrind/vgpreload_memcheck-amd64-linux.so)
==34434==    by 0x40079D5: getShapeLike (in /home/jasmin/Dokumente/Uni/Bachelorarbeit/ForkOfOnDeviceTraining/build/examples/examples/har_classifier/train_c_binary_har_classifier)
==34434==    by 0x400D827: reserveInferenceStats (in /home/jasmin/Dokumente/Uni/Bachelorarbeit/ForkOfOnDeviceTraining/build/examples/examples/har_classifier/train_c_binary_har_classifier)
==34434==    by 0x400DA52: inferenceWithLoss (in /home/jasmin/Dokumente/Uni/Bachelorarbeit/ForkOfOnDeviceTraining/build/examples/examples/har_classifier/train_c_binary_har_classifier)
==34434==    by 0x400A2D9: evaluateEpochInternal (in /home/jasmin/Dokumente/Uni/Bachelorarbeit/ForkOfOnDeviceTraining/build/examples/examples/har_classifier/train_c_binary_har_classifier)
==34434==    by 0x400ABDD: trainingRun (in /home/jasmin/Dokumente/Uni/Bachelorarbeit/ForkOfOnDeviceTraining/build/examples/examples/har_classifier/train_c_binary_har_classifier)
==34434==    by 0x40028ED: runExperiment (in /home/jasmin/Dokumente/Uni/Bachelorarbeit/ForkOfOnDeviceTraining/build/examples/examples/har_classifier/train_c_binary_har_classifier)
==34434==    by 0x400329F: main (in /home/jasmin/Dokumente/Uni/Bachelorarbeit/ForkOfOnDeviceTraining/build/examples/examples/har_classifier/train_c_binary_har_classifier)
==34434== 
==34434== Invalid write of size 8
==34434==    at 0x48AA964: memmove (in /nix/store/1ds784mmv5l6a91lc8iyrcis5lgqdy4d-valgrind-3.26.0/libexec/valgrind/vgpreload_memcheck-amd64-linux.so)
==34434==    by 0x4009B94: copyTensor (in /home/jasmin/Dokumente/Uni/Bachelorarbeit/ForkOfOnDeviceTraining/build/examples/examples/har_classifier/train_c_binary_har_classifier)
==34434==    by 0x400DA64: inferenceWithLoss (in /home/jasmin/Dokumente/Uni/Bachelorarbeit/ForkOfOnDeviceTraining/build/examples/examples/har_classifier/train_c_binary_har_classifier)
==34434==    by 0x400A2D9: evaluateEpochInternal (in /home/jasmin/Dokumente/Uni/Bachelorarbeit/ForkOfOnDeviceTraining/build/examples/examples/har_classifier/train_c_binary_har_classifier)
==34434==    by 0x400ABDD: trainingRun (in /home/jasmin/Dokumente/Uni/Bachelorarbeit/ForkOfOnDeviceTraining/build/examples/examples/har_classifier/train_c_binary_har_classifier)
==34434==    by 0x40028ED: runExperiment (in /home/jasmin/Dokumente/Uni/Bachelorarbeit/ForkOfOnDeviceTraining/build/examples/examples/har_classifier/train_c_binary_har_classifier)
==34434==    by 0x400329F: main (in /home/jasmin/Dokumente/Uni/Bachelorarbeit/ForkOfOnDeviceTraining/build/examples/examples/har_classifier/train_c_binary_har_classifier)
==34434==  Address 0x6a20f08 is 0 bytes after a block of size 8 alloc'd
==34434==    at 0x48A3549: calloc (in /nix/store/1ds784mmv5l6a91lc8iyrcis5lgqdy4d-valgrind-3.26.0/libexec/valgrind/vgpreload_memcheck-amd64-linux.so)
==34434==    by 0x40079EF: getShapeLike (in /home/jasmin/Dokumente/Uni/Bachelorarbeit/ForkOfOnDeviceTraining/build/examples/examples/har_classifier/train_c_binary_har_classifier)
==34434==    by 0x400D827: reserveInferenceStats (in /home/jasmin/Dokumente/Uni/Bachelorarbeit/ForkOfOnDeviceTraining/build/examples/examples/har_classifier/train_c_binary_har_classifier)
==34434==    by 0x400DA52: inferenceWithLoss (in /home/jasmin/Dokumente/Uni/Bachelorarbeit/ForkOfOnDeviceTraining/build/examples/examples/har_classifier/train_c_binary_har_classifier)
==34434==    by 0x400A2D9: evaluateEpochInternal (in /home/jasmin/Dokumente/Uni/Bachelorarbeit/ForkOfOnDeviceTraining/build/examples/examples/har_classifier/train_c_binary_har_classifier)
==34434==    by 0x400ABDD: trainingRun (in /home/jasmin/Dokumente/Uni/Bachelorarbeit/ForkOfOnDeviceTraining/build/examples/examples/har_classifier/train_c_binary_har_classifier)
==34434==    by 0x40028ED: runExperiment (in /home/jasmin/Dokumente/Uni/Bachelorarbeit/ForkOfOnDeviceTraining/build/examples/examples/har_classifier/train_c_binary_har_classifier)
==34434==    by 0x400329F: main (in /home/jasmin/Dokumente/Uni/Bachelorarbeit/ForkOfOnDeviceTraining/build/examples/examples/har_classifier/train_c_binary_har_classifier)
==34434== 
==34434== Invalid write of size 4
==34434==    at 0x4009BD2: copyTensor (in /home/jasmin/Dokumente/Uni/Bachelorarbeit/ForkOfOnDeviceTraining/build/examples/examples/har_classifier/train_c_binary_har_classifier)
==34434==    by 0x400DA64: inferenceWithLoss (in /home/jasmin/Dokumente/Uni/Bachelorarbeit/ForkOfOnDeviceTraining/build/examples/examples/har_classifier/train_c_binary_har_classifier)
==34434==    by 0x400A2D9: evaluateEpochInternal (in /home/jasmin/Dokumente/Uni/Bachelorarbeit/ForkOfOnDeviceTraining/build/examples/examples/har_classifier/train_c_binary_har_classifier)
==34434==    by 0x400ABDD: trainingRun (in /home/jasmin/Dokumente/Uni/Bachelorarbeit/ForkOfOnDeviceTraining/build/examples/examples/har_classifier/train_c_binary_har_classifier)
==34434==    by 0x40028ED: runExperiment (in /home/jasmin/Dokumente/Uni/Bachelorarbeit/ForkOfOnDeviceTraining/build/examples/examples/har_classifier/train_c_binary_har_classifier)
==34434==    by 0x400329F: main (in /home/jasmin/Dokumente/Uni/Bachelorarbeit/ForkOfOnDeviceTraining/build/examples/examples/har_classifier/train_c_binary_har_classifier)
==34434==  Address 0x8 is not stack'd, malloc'd or (recently) free'd
==34434== 
==34434== 
==34434== Process terminating with default action of signal 11 (SIGSEGV)
==34434==  Access not within mapped region at address 0x8
==34434==    at 0x4009BD2: copyTensor (in /home/jasmin/Dokumente/Uni/Bachelorarbeit/ForkOfOnDeviceTraining/build/examples/examples/har_classifier/train_c_binary_har_classifier)
==34434==    by 0x400DA64: inferenceWithLoss (in /home/jasmin/Dokumente/Uni/Bachelorarbeit/ForkOfOnDeviceTraining/build/examples/examples/har_classifier/train_c_binary_har_classifier)
==34434==    by 0x400A2D9: evaluateEpochInternal (in /home/jasmin/Dokumente/Uni/Bachelorarbeit/ForkOfOnDeviceTraining/build/examples/examples/har_classifier/train_c_binary_har_classifier)
==34434==    by 0x400ABDD: trainingRun (in /home/jasmin/Dokumente/Uni/Bachelorarbeit/ForkOfOnDeviceTraining/build/examples/examples/har_classifier/train_c_binary_har_classifier)
==34434==    by 0x40028ED: runExperiment (in /home/jasmin/Dokumente/Uni/Bachelorarbeit/ForkOfOnDeviceTraining/build/examples/examples/har_classifier/train_c_binary_har_classifier)
==34434==    by 0x400329F: main (in /home/jasmin/Dokumente/Uni/Bachelorarbeit/ForkOfOnDeviceTraining/build/examples/examples/har_classifier/train_c_binary_har_classifier)
==34434==  If you believe this happened as a result of a stack
==34434==  overflow in your program's main thread (unlikely but
==34434==  possible), you can try to increase the size of the
==34434==  main thread stack using the --main-stacksize= flag.
==34434==  The main thread stack size used in this run was 8388608.
==34434== 
==34434== HEAP SUMMARY:
==34434==     in use at exit: 39,787,912 bytes in 97,208 blocks
==34434==   total heap usage: 597,267 allocs, 500,059 frees, 204,110,717 bytes allocated
==34434== 
==34434== 28 (16 direct, 12 indirect) bytes in 1 blocks are definitely lost in loss record 121 of 200
==34434==    at 0x48A3549: calloc (in /nix/store/1ds784mmv5l6a91lc8iyrcis5lgqdy4d-valgrind-3.26.0/libexec/valgrind/vgpreload_memcheck-amd64-linux.so)
==34434==    by 0x4005F86: quantizationInitSymInt32 (in /home/jasmin/Dokumente/Uni/Bachelorarbeit/ForkOfOnDeviceTraining/build/examples/examples/har_classifier/train_c_binary_har_classifier)
==34434==    by 0x40024AF: runExperiment (in /home/jasmin/Dokumente/Uni/Bachelorarbeit/ForkOfOnDeviceTraining/build/examples/examples/har_classifier/train_c_binary_har_classifier)
==34434==    by 0x400329F: main (in /home/jasmin/Dokumente/Uni/Bachelorarbeit/ForkOfOnDeviceTraining/build/examples/examples/har_classifier/train_c_binary_har_classifier)
==34434== 
==34434== 28 (16 direct, 12 indirect) bytes in 1 blocks are definitely lost in loss record 122 of 200
==34434==    at 0x48A3549: calloc (in /nix/store/1ds784mmv5l6a91lc8iyrcis5lgqdy4d-valgrind-3.26.0/libexec/valgrind/vgpreload_memcheck-amd64-linux.so)
==34434==    by 0x4005F86: quantizationInitSymInt32 (in /home/jasmin/Dokumente/Uni/Bachelorarbeit/ForkOfOnDeviceTraining/build/examples/examples/har_classifier/train_c_binary_har_classifier)
==34434==    by 0x4002501: runExperiment (in /home/jasmin/Dokumente/Uni/Bachelorarbeit/ForkOfOnDeviceTraining/build/examples/examples/har_classifier/train_c_binary_har_classifier)
==34434==    by 0x400329F: main (in /home/jasmin/Dokumente/Uni/Bachelorarbeit/ForkOfOnDeviceTraining/build/examples/examples/har_classifier/train_c_binary_har_classifier)
==34434== 
==34434== 28 (16 direct, 12 indirect) bytes in 1 blocks are definitely lost in loss record 123 of 200
==34434==    at 0x48A3549: calloc (in /nix/store/1ds784mmv5l6a91lc8iyrcis5lgqdy4d-valgrind-3.26.0/libexec/valgrind/vgpreload_memcheck-amd64-linux.so)
==34434==    by 0x4005F86: quantizationInitSymInt32 (in /home/jasmin/Dokumente/Uni/Bachelorarbeit/ForkOfOnDeviceTraining/build/examples/examples/har_classifier/train_c_binary_har_classifier)
==34434==    by 0x400260A: runExperiment (in /home/jasmin/Dokumente/Uni/Bachelorarbeit/ForkOfOnDeviceTraining/build/examples/examples/har_classifier/train_c_binary_har_classifier)
==34434==    by 0x400329F: main (in /home/jasmin/Dokumente/Uni/Bachelorarbeit/ForkOfOnDeviceTraining/build/examples/examples/har_classifier/train_c_binary_har_classifier)
==34434== 
==34434== LEAK SUMMARY:
==34434==    definitely lost: 48 bytes in 3 blocks
==34434==    indirectly lost: 36 bytes in 3 blocks
==34434==      possibly lost: 0 bytes in 0 blocks
==34434==    still reachable: 39,787,828 bytes in 97,202 blocks
==34434==         suppressed: 0 bytes in 0 blocks
==34434== Reachable blocks (those to which a pointer was found) are not shown.
==34434== To see them, rerun with: --leak-check=full --show-leak-kinds=all
==34434== 
==34434== For lists of detected and suppressed errors, rerun with: -s
==34434== ERROR SUMMARY: 981784839 errors from 38 contexts (suppressed: 0 from 0)
