==7814== Memcheck, a memory error detector
==7814== Copyright (C) 2002-2024, and GNU GPL'd, by Julian Seward et al.
==7814== Using Valgrind-3.26.0 and LibVEX; rerun with -h for copyright info
==7814== Command: ./build/examples/examples/har_classifier/train_c_binary_har_classifier -1
==7814== Parent PID: 5364
==7814== 
==7814== Invalid write of size 4
==7814==    at 0x4009BDC: copyTensor (in /home/jasmin/Dokumente/Uni/Bachelorarbeit/ForkOfOnDeviceTraining/build/examples/examples/har_classifier/train_c_binary_har_classifier)
==7814==    by 0x400DA24: inferenceWithLoss (in /home/jasmin/Dokumente/Uni/Bachelorarbeit/ForkOfOnDeviceTraining/build/examples/examples/har_classifier/train_c_binary_har_classifier)
==7814==    by 0x400A23A: evaluateEpochInternal (in /home/jasmin/Dokumente/Uni/Bachelorarbeit/ForkOfOnDeviceTraining/build/examples/examples/har_classifier/train_c_binary_har_classifier)
==7814==    by 0x400AB9D: trainingRun (in /home/jasmin/Dokumente/Uni/Bachelorarbeit/ForkOfOnDeviceTraining/build/examples/examples/har_classifier/train_c_binary_har_classifier)
==7814==    by 0x40028FA: runExperiment (in /home/jasmin/Dokumente/Uni/Bachelorarbeit/ForkOfOnDeviceTraining/build/examples/examples/har_classifier/train_c_binary_har_classifier)
==7814==    by 0x400329C: main (in /home/jasmin/Dokumente/Uni/Bachelorarbeit/ForkOfOnDeviceTraining/build/examples/examples/har_classifier/train_c_binary_har_classifier)
==7814==  Address 0x8 is not stack'd, malloc'd or (recently) free'd
==7814== 
==7814== 
==7814== Process terminating with default action of signal 11 (SIGSEGV)
==7814==  Access not within mapped region at address 0x8
==7814==    at 0x4009BDC: copyTensor (in /home/jasmin/Dokumente/Uni/Bachelorarbeit/ForkOfOnDeviceTraining/build/examples/examples/har_classifier/train_c_binary_har_classifier)
==7814==    by 0x400DA24: inferenceWithLoss (in /home/jasmin/Dokumente/Uni/Bachelorarbeit/ForkOfOnDeviceTraining/build/examples/examples/har_classifier/train_c_binary_har_classifier)
==7814==    by 0x400A23A: evaluateEpochInternal (in /home/jasmin/Dokumente/Uni/Bachelorarbeit/ForkOfOnDeviceTraining/build/examples/examples/har_classifier/train_c_binary_har_classifier)
==7814==    by 0x400AB9D: trainingRun (in /home/jasmin/Dokumente/Uni/Bachelorarbeit/ForkOfOnDeviceTraining/build/examples/examples/har_classifier/train_c_binary_har_classifier)
==7814==    by 0x40028FA: runExperiment (in /home/jasmin/Dokumente/Uni/Bachelorarbeit/ForkOfOnDeviceTraining/build/examples/examples/har_classifier/train_c_binary_har_classifier)
==7814==    by 0x400329C: main (in /home/jasmin/Dokumente/Uni/Bachelorarbeit/ForkOfOnDeviceTraining/build/examples/examples/har_classifier/train_c_binary_har_classifier)
==7814==  If you believe this happened as a result of a stack
==7814==  overflow in your program's main thread (unlikely but
==7814==  possible), you can try to increase the size of the
==7814==  main thread stack using the --main-stacksize= flag.
==7814==  The main thread stack size used in this run was 8388608.
==7814== 
==7814== HEAP SUMMARY:
==7814==     in use at exit: 51,157,920 bytes in 123,770 blocks
==7814==   total heap usage: 724,657 allocs, 600,887 frees, 219,396,969 bytes allocated
==7814== 
==7814== 28 (16 direct, 12 indirect) bytes in 1 blocks are definitely lost in loss record 112 of 200
==7814==    at 0x48C7549: calloc (in /nix/store/1ds784mmv5l6a91lc8iyrcis5lgqdy4d-valgrind-3.26.0/libexec/valgrind/vgpreload_memcheck-amd64-linux.so)
==7814==    by 0x4005F56: quantizationInitSymInt32 (in /home/jasmin/Dokumente/Uni/Bachelorarbeit/ForkOfOnDeviceTraining/build/examples/examples/har_classifier/train_c_binary_har_classifier)
==7814==    by 0x40024AE: runExperiment (in /home/jasmin/Dokumente/Uni/Bachelorarbeit/ForkOfOnDeviceTraining/build/examples/examples/har_classifier/train_c_binary_har_classifier)
==7814==    by 0x400329C: main (in /home/jasmin/Dokumente/Uni/Bachelorarbeit/ForkOfOnDeviceTraining/build/examples/examples/har_classifier/train_c_binary_har_classifier)
==7814== 
==7814== 28 (16 direct, 12 indirect) bytes in 1 blocks are definitely lost in loss record 113 of 200
==7814==    at 0x48C7549: calloc (in /nix/store/1ds784mmv5l6a91lc8iyrcis5lgqdy4d-valgrind-3.26.0/libexec/valgrind/vgpreload_memcheck-amd64-linux.so)
==7814==    by 0x4005F56: quantizationInitSymInt32 (in /home/jasmin/Dokumente/Uni/Bachelorarbeit/ForkOfOnDeviceTraining/build/examples/examples/har_classifier/train_c_binary_har_classifier)
==7814==    by 0x4002500: runExperiment (in /home/jasmin/Dokumente/Uni/Bachelorarbeit/ForkOfOnDeviceTraining/build/examples/examples/har_classifier/train_c_binary_har_classifier)
==7814==    by 0x400329C: main (in /home/jasmin/Dokumente/Uni/Bachelorarbeit/ForkOfOnDeviceTraining/build/examples/examples/har_classifier/train_c_binary_har_classifier)
==7814== 
==7814== 28 (16 direct, 12 indirect) bytes in 1 blocks are definitely lost in loss record 114 of 200
==7814==    at 0x48C7549: calloc (in /nix/store/1ds784mmv5l6a91lc8iyrcis5lgqdy4d-valgrind-3.26.0/libexec/valgrind/vgpreload_memcheck-amd64-linux.so)
==7814==    by 0x4005F56: quantizationInitSymInt32 (in /home/jasmin/Dokumente/Uni/Bachelorarbeit/ForkOfOnDeviceTraining/build/examples/examples/har_classifier/train_c_binary_har_classifier)
==7814==    by 0x4002600: runExperiment (in /home/jasmin/Dokumente/Uni/Bachelorarbeit/ForkOfOnDeviceTraining/build/examples/examples/har_classifier/train_c_binary_har_classifier)
==7814==    by 0x400329C: main (in /home/jasmin/Dokumente/Uni/Bachelorarbeit/ForkOfOnDeviceTraining/build/examples/examples/har_classifier/train_c_binary_har_classifier)
==7814== 
==7814== LEAK SUMMARY:
==7814==    definitely lost: 48 bytes in 3 blocks
==7814==    indirectly lost: 36 bytes in 3 blocks
==7814==      possibly lost: 0 bytes in 0 blocks
==7814==    still reachable: 51,157,836 bytes in 123,764 blocks
==7814==         suppressed: 0 bytes in 0 blocks
==7814== Reachable blocks (those to which a pointer was found) are not shown.
==7814== To see them, rerun with: --leak-check=full --show-leak-kinds=all
==7814== 
==7814== For lists of detected and suppressed errors, rerun with: -s
==7814== ERROR SUMMARY: 4 errors from 4 contexts (suppressed: 0 from 0)
