==19489== Memcheck, a memory error detector
==19489== Copyright (C) 2002-2024, and GNU GPL'd, by Julian Seward et al.
==19489== Using Valgrind-3.26.0 and LibVEX; rerun with -h for copyright info
==19489== Command: ./build/examples/examples/har_classifier/train_c_binary_har_classifier -1
==19489== Parent PID: 5364
==19489== 
==19489== Invalid write of size 4
==19489==    at 0x4009BBC: copyTensor (in /home/jasmin/Dokumente/Uni/Bachelorarbeit/ForkOfOnDeviceTraining/build/examples/examples/har_classifier/train_c_binary_har_classifier)
==19489==    by 0x400DA04: inferenceWithLoss (in /home/jasmin/Dokumente/Uni/Bachelorarbeit/ForkOfOnDeviceTraining/build/examples/examples/har_classifier/train_c_binary_har_classifier)
==19489==    by 0x400A21A: evaluateEpochInternal (in /home/jasmin/Dokumente/Uni/Bachelorarbeit/ForkOfOnDeviceTraining/build/examples/examples/har_classifier/train_c_binary_har_classifier)
==19489==    by 0x400AB7D: trainingRun (in /home/jasmin/Dokumente/Uni/Bachelorarbeit/ForkOfOnDeviceTraining/build/examples/examples/har_classifier/train_c_binary_har_classifier)
==19489==    by 0x40028EC: runExperiment (in /home/jasmin/Dokumente/Uni/Bachelorarbeit/ForkOfOnDeviceTraining/build/examples/examples/har_classifier/train_c_binary_har_classifier)
==19489==    by 0x400328C: main (in /home/jasmin/Dokumente/Uni/Bachelorarbeit/ForkOfOnDeviceTraining/build/examples/examples/har_classifier/train_c_binary_har_classifier)
==19489==  Address 0x8 is not stack'd, malloc'd or (recently) free'd
==19489== 
==19489== 
==19489== Process terminating with default action of signal 11 (SIGSEGV)
==19489==  Access not within mapped region at address 0x8
==19489==    at 0x4009BBC: copyTensor (in /home/jasmin/Dokumente/Uni/Bachelorarbeit/ForkOfOnDeviceTraining/build/examples/examples/har_classifier/train_c_binary_har_classifier)
==19489==    by 0x400DA04: inferenceWithLoss (in /home/jasmin/Dokumente/Uni/Bachelorarbeit/ForkOfOnDeviceTraining/build/examples/examples/har_classifier/train_c_binary_har_classifier)
==19489==    by 0x400A21A: evaluateEpochInternal (in /home/jasmin/Dokumente/Uni/Bachelorarbeit/ForkOfOnDeviceTraining/build/examples/examples/har_classifier/train_c_binary_har_classifier)
==19489==    by 0x400AB7D: trainingRun (in /home/jasmin/Dokumente/Uni/Bachelorarbeit/ForkOfOnDeviceTraining/build/examples/examples/har_classifier/train_c_binary_har_classifier)
==19489==    by 0x40028EC: runExperiment (in /home/jasmin/Dokumente/Uni/Bachelorarbeit/ForkOfOnDeviceTraining/build/examples/examples/har_classifier/train_c_binary_har_classifier)
==19489==    by 0x400328C: main (in /home/jasmin/Dokumente/Uni/Bachelorarbeit/ForkOfOnDeviceTraining/build/examples/examples/har_classifier/train_c_binary_har_classifier)
==19489==  If you believe this happened as a result of a stack
==19489==  overflow in your program's main thread (unlikely but
==19489==  possible), you can try to increase the size of the
==19489==  main thread stack using the --main-stacksize= flag.
==19489==  The main thread stack size used in this run was 8388608.
==19489== 
==19489== HEAP SUMMARY:
==19489==     in use at exit: 51,157,920 bytes in 123,770 blocks
==19489==   total heap usage: 724,657 allocs, 600,887 frees, 219,396,969 bytes allocated
==19489== 
==19489== 28 (16 direct, 12 indirect) bytes in 1 blocks are definitely lost in loss record 112 of 200
==19489==    at 0x48C7549: calloc (in /nix/store/1ds784mmv5l6a91lc8iyrcis5lgqdy4d-valgrind-3.26.0/libexec/valgrind/vgpreload_memcheck-amd64-linux.so)
==19489==    by 0x4005F46: quantizationInitSymInt32 (in /home/jasmin/Dokumente/Uni/Bachelorarbeit/ForkOfOnDeviceTraining/build/examples/examples/har_classifier/train_c_binary_har_classifier)
==19489==    by 0x40024AE: runExperiment (in /home/jasmin/Dokumente/Uni/Bachelorarbeit/ForkOfOnDeviceTraining/build/examples/examples/har_classifier/train_c_binary_har_classifier)
==19489==    by 0x400328C: main (in /home/jasmin/Dokumente/Uni/Bachelorarbeit/ForkOfOnDeviceTraining/build/examples/examples/har_classifier/train_c_binary_har_classifier)
==19489== 
==19489== 28 (16 direct, 12 indirect) bytes in 1 blocks are definitely lost in loss record 113 of 200
==19489==    at 0x48C7549: calloc (in /nix/store/1ds784mmv5l6a91lc8iyrcis5lgqdy4d-valgrind-3.26.0/libexec/valgrind/vgpreload_memcheck-amd64-linux.so)
==19489==    by 0x4005F46: quantizationInitSymInt32 (in /home/jasmin/Dokumente/Uni/Bachelorarbeit/ForkOfOnDeviceTraining/build/examples/examples/har_classifier/train_c_binary_har_classifier)
==19489==    by 0x4002500: runExperiment (in /home/jasmin/Dokumente/Uni/Bachelorarbeit/ForkOfOnDeviceTraining/build/examples/examples/har_classifier/train_c_binary_har_classifier)
==19489==    by 0x400328C: main (in /home/jasmin/Dokumente/Uni/Bachelorarbeit/ForkOfOnDeviceTraining/build/examples/examples/har_classifier/train_c_binary_har_classifier)
==19489== 
==19489== 28 (16 direct, 12 indirect) bytes in 1 blocks are definitely lost in loss record 114 of 200
==19489==    at 0x48C7549: calloc (in /nix/store/1ds784mmv5l6a91lc8iyrcis5lgqdy4d-valgrind-3.26.0/libexec/valgrind/vgpreload_memcheck-amd64-linux.so)
==19489==    by 0x4005F46: quantizationInitSymInt32 (in /home/jasmin/Dokumente/Uni/Bachelorarbeit/ForkOfOnDeviceTraining/build/examples/examples/har_classifier/train_c_binary_har_classifier)
==19489==    by 0x4002600: runExperiment (in /home/jasmin/Dokumente/Uni/Bachelorarbeit/ForkOfOnDeviceTraining/build/examples/examples/har_classifier/train_c_binary_har_classifier)
==19489==    by 0x400328C: main (in /home/jasmin/Dokumente/Uni/Bachelorarbeit/ForkOfOnDeviceTraining/build/examples/examples/har_classifier/train_c_binary_har_classifier)
==19489== 
==19489== LEAK SUMMARY:
==19489==    definitely lost: 48 bytes in 3 blocks
==19489==    indirectly lost: 36 bytes in 3 blocks
==19489==      possibly lost: 0 bytes in 0 blocks
==19489==    still reachable: 51,157,836 bytes in 123,764 blocks
==19489==         suppressed: 0 bytes in 0 blocks
==19489== Reachable blocks (those to which a pointer was found) are not shown.
==19489== To see them, rerun with: --leak-check=full --show-leak-kinds=all
==19489== 
==19489== For lists of detected and suppressed errors, rerun with: -s
==19489== ERROR SUMMARY: 4 errors from 4 contexts (suppressed: 0 from 0)
