==122152== Memcheck, a memory error detector
==122152== Copyright (C) 2002-2024, and GNU GPL'd, by Julian Seward et al.
==122152== Using Valgrind-3.26.0 and LibVEX; rerun with -h for copyright info
==122152== Command: ./build/examples/examples/har_classifier/train_c_binary_har_classifier -1
==122152== Parent PID: 32060
==122152== 
==122152== 
==122152== HEAP SUMMARY:
==122152==     in use at exit: 51,004,136 bytes in 123,866 blocks
==122152==   total heap usage: 185,724 allocs, 61,858 frees, 52,199,913 bytes allocated
==122152== 
==122152== 28 (16 direct, 12 indirect) bytes in 1 blocks are definitely lost in loss record 98 of 189
==122152==    at 0x48C7549: calloc (in /nix/store/1ds784mmv5l6a91lc8iyrcis5lgqdy4d-valgrind-3.26.0/libexec/valgrind/vgpreload_memcheck-amd64-linux.so)
==122152==    by 0x4005D16: quantizationInitSymInt32 (in /home/jasmin/Dokumente/Uni/Bachelorarbeit/ForkOfOnDeviceTraining/build/examples/examples/har_classifier/train_c_binary_har_classifier)
==122152==    by 0x40024AE: runExperiment (in /home/jasmin/Dokumente/Uni/Bachelorarbeit/ForkOfOnDeviceTraining/build/examples/examples/har_classifier/train_c_binary_har_classifier)
==122152==    by 0x400329C: main (in /home/jasmin/Dokumente/Uni/Bachelorarbeit/ForkOfOnDeviceTraining/build/examples/examples/har_classifier/train_c_binary_har_classifier)
==122152== 
==122152== 28 (16 direct, 12 indirect) bytes in 1 blocks are definitely lost in loss record 99 of 189
==122152==    at 0x48C7549: calloc (in /nix/store/1ds784mmv5l6a91lc8iyrcis5lgqdy4d-valgrind-3.26.0/libexec/valgrind/vgpreload_memcheck-amd64-linux.so)
==122152==    by 0x4005D16: quantizationInitSymInt32 (in /home/jasmin/Dokumente/Uni/Bachelorarbeit/ForkOfOnDeviceTraining/build/examples/examples/har_classifier/train_c_binary_har_classifier)
==122152==    by 0x4002500: runExperiment (in /home/jasmin/Dokumente/Uni/Bachelorarbeit/ForkOfOnDeviceTraining/build/examples/examples/har_classifier/train_c_binary_har_classifier)
==122152==    by 0x400329C: main (in /home/jasmin/Dokumente/Uni/Bachelorarbeit/ForkOfOnDeviceTraining/build/examples/examples/har_classifier/train_c_binary_har_classifier)
==122152== 
==122152== 28 (16 direct, 12 indirect) bytes in 1 blocks are definitely lost in loss record 100 of 189
==122152==    at 0x48C7549: calloc (in /nix/store/1ds784mmv5l6a91lc8iyrcis5lgqdy4d-valgrind-3.26.0/libexec/valgrind/vgpreload_memcheck-amd64-linux.so)
==122152==    by 0x4005D16: quantizationInitSymInt32 (in /home/jasmin/Dokumente/Uni/Bachelorarbeit/ForkOfOnDeviceTraining/build/examples/examples/har_classifier/train_c_binary_har_classifier)
==122152==    by 0x4002600: runExperiment (in /home/jasmin/Dokumente/Uni/Bachelorarbeit/ForkOfOnDeviceTraining/build/examples/examples/har_classifier/train_c_binary_har_classifier)
==122152==    by 0x400329C: main (in /home/jasmin/Dokumente/Uni/Bachelorarbeit/ForkOfOnDeviceTraining/build/examples/examples/har_classifier/train_c_binary_har_classifier)
==122152== 
==122152== LEAK SUMMARY:
==122152==    definitely lost: 48 bytes in 3 blocks
==122152==    indirectly lost: 36 bytes in 3 blocks
==122152==      possibly lost: 0 bytes in 0 blocks
==122152==    still reachable: 51,004,052 bytes in 123,860 blocks
==122152==         suppressed: 0 bytes in 0 blocks
==122152== Reachable blocks (those to which a pointer was found) are not shown.
==122152== To see them, rerun with: --leak-check=full --show-leak-kinds=all
==122152== 
==122152== For lists of detected and suppressed errors, rerun with: -s
==122152== ERROR SUMMARY: 3 errors from 3 contexts (suppressed: 0 from 0)
