==179301== Memcheck, a memory error detector
==179301== Copyright (C) 2002-2024, and GNU GPL'd, by Julian Seward et al.
==179301== Using Valgrind-3.26.0 and LibVEX; rerun with -h for copyright info
==179301== Command: ./build/examples/examples/har_classifier/train_c_har_classifier_delta
==179301== Parent PID: 166380
==179301== 
==179301== Invalid write of size 8
==179301==    at 0x4889964: memmove (in /nix/store/l8kvr38dk84afq0bffmsdybfix0wdvci-valgrind-3.26.0/libexec/valgrind/vgpreload_memcheck-amd64-linux.so)
==179301==    by 0x4008214: copyShape (in /home/jasmin/Dokumente/Uni/Bachelorarbeit/ForkOfOnDeviceTraining/build/examples/examples/har_classifier/train_c_har_classifier_delta)
==179301==    by 0x4008369: copyTensor (in /home/jasmin/Dokumente/Uni/Bachelorarbeit/ForkOfOnDeviceTraining/build/examples/examples/har_classifier/train_c_har_classifier_delta)
==179301==    by 0x400EA9B: inferenceWithLoss (in /home/jasmin/Dokumente/Uni/Bachelorarbeit/ForkOfOnDeviceTraining/build/examples/examples/har_classifier/train_c_har_classifier_delta)
==179301==    by 0x400B878: evaluateEpochInternal (in /home/jasmin/Dokumente/Uni/Bachelorarbeit/ForkOfOnDeviceTraining/build/examples/examples/har_classifier/train_c_har_classifier_delta)
==179301==    by 0x400C103: evaluationEpochWithMetrics (in /home/jasmin/Dokumente/Uni/Bachelorarbeit/ForkOfOnDeviceTraining/build/examples/examples/har_classifier/train_c_har_classifier_delta)
==179301==    by 0x4002AC7: main (in /home/jasmin/Dokumente/Uni/Bachelorarbeit/ForkOfOnDeviceTraining/build/examples/examples/har_classifier/train_c_har_classifier_delta)
==179301==  Address 0x8a08fd8 is 0 bytes after a block of size 8 alloc'd
==179301==    at 0x4882549: calloc (in /nix/store/l8kvr38dk84afq0bffmsdybfix0wdvci-valgrind-3.26.0/libexec/valgrind/vgpreload_memcheck-amd64-linux.so)
==179301==    by 0x4006C00: getShapeLike (in /home/jasmin/Dokumente/Uni/Bachelorarbeit/ForkOfOnDeviceTraining/build/examples/examples/har_classifier/train_c_har_classifier_delta)
==179301==    by 0x400E936: reserveInferenceStats (in /home/jasmin/Dokumente/Uni/Bachelorarbeit/ForkOfOnDeviceTraining/build/examples/examples/har_classifier/train_c_har_classifier_delta)
==179301==    by 0x400EA8C: inferenceWithLoss (in /home/jasmin/Dokumente/Uni/Bachelorarbeit/ForkOfOnDeviceTraining/build/examples/examples/har_classifier/train_c_har_classifier_delta)
==179301==    by 0x400B878: evaluateEpochInternal (in /home/jasmin/Dokumente/Uni/Bachelorarbeit/ForkOfOnDeviceTraining/build/examples/examples/har_classifier/train_c_har_classifier_delta)
==179301==    by 0x400C103: evaluationEpochWithMetrics (in /home/jasmin/Dokumente/Uni/Bachelorarbeit/ForkOfOnDeviceTraining/build/examples/examples/har_classifier/train_c_har_classifier_delta)
==179301==    by 0x4002AC7: main (in /home/jasmin/Dokumente/Uni/Bachelorarbeit/ForkOfOnDeviceTraining/build/examples/examples/har_classifier/train_c_har_classifier_delta)
==179301== 
==179301== Invalid write of size 8
==179301==    at 0x4889964: memmove (in /nix/store/l8kvr38dk84afq0bffmsdybfix0wdvci-valgrind-3.26.0/libexec/valgrind/vgpreload_memcheck-amd64-linux.so)
==179301==    by 0x400822D: copyShape (in /home/jasmin/Dokumente/Uni/Bachelorarbeit/ForkOfOnDeviceTraining/build/examples/examples/har_classifier/train_c_har_classifier_delta)
==179301==    by 0x4008369: copyTensor (in /home/jasmin/Dokumente/Uni/Bachelorarbeit/ForkOfOnDeviceTraining/build/examples/examples/har_classifier/train_c_har_classifier_delta)
==179301==    by 0x400EA9B: inferenceWithLoss (in /home/jasmin/Dokumente/Uni/Bachelorarbeit/ForkOfOnDeviceTraining/build/examples/examples/har_classifier/train_c_har_classifier_delta)
==179301==    by 0x400B878: evaluateEpochInternal (in /home/jasmin/Dokumente/Uni/Bachelorarbeit/ForkOfOnDeviceTraining/build/examples/examples/har_classifier/train_c_har_classifier_delta)
==179301==    by 0x400C103: evaluationEpochWithMetrics (in /home/jasmin/Dokumente/Uni/Bachelorarbeit/ForkOfOnDeviceTraining/build/examples/examples/har_classifier/train_c_har_classifier_delta)
==179301==    by 0x4002AC7: main (in /home/jasmin/Dokumente/Uni/Bachelorarbeit/ForkOfOnDeviceTraining/build/examples/examples/har_classifier/train_c_har_classifier_delta)
==179301==  Address 0x8a09028 is 0 bytes after a block of size 8 alloc'd
==179301==    at 0x4882549: calloc (in /nix/store/l8kvr38dk84afq0bffmsdybfix0wdvci-valgrind-3.26.0/libexec/valgrind/vgpreload_memcheck-amd64-linux.so)
==179301==    by 0x4006C24: getShapeLike (in /home/jasmin/Dokumente/Uni/Bachelorarbeit/ForkOfOnDeviceTraining/build/examples/examples/har_classifier/train_c_har_classifier_delta)
==179301==    by 0x400E936: reserveInferenceStats (in /home/jasmin/Dokumente/Uni/Bachelorarbeit/ForkOfOnDeviceTraining/build/examples/examples/har_classifier/train_c_har_classifier_delta)
==179301==    by 0x400EA8C: inferenceWithLoss (in /home/jasmin/Dokumente/Uni/Bachelorarbeit/ForkOfOnDeviceTraining/build/examples/examples/har_classifier/train_c_har_classifier_delta)
==179301==    by 0x400B878: evaluateEpochInternal (in /home/jasmin/Dokumente/Uni/Bachelorarbeit/ForkOfOnDeviceTraining/build/examples/examples/har_classifier/train_c_har_classifier_delta)
==179301==    by 0x400C103: evaluationEpochWithMetrics (in /home/jasmin/Dokumente/Uni/Bachelorarbeit/ForkOfOnDeviceTraining/build/examples/examples/har_classifier/train_c_har_classifier_delta)
==179301==    by 0x4002AC7: main (in /home/jasmin/Dokumente/Uni/Bachelorarbeit/ForkOfOnDeviceTraining/build/examples/examples/har_classifier/train_c_har_classifier_delta)
==179301== 
==179301== Invalid read of size 8
==179301==    at 0x4007308: calcNumberOfElementsByShape (in /home/jasmin/Dokumente/Uni/Bachelorarbeit/ForkOfOnDeviceTraining/build/examples/examples/har_classifier/train_c_har_classifier_delta)
==179301==    by 0x40081A5: copyData (in /home/jasmin/Dokumente/Uni/Bachelorarbeit/ForkOfOnDeviceTraining/build/examples/examples/har_classifier/train_c_har_classifier_delta)
==179301==    by 0x400EA9B: inferenceWithLoss (in /home/jasmin/Dokumente/Uni/Bachelorarbeit/ForkOfOnDeviceTraining/build/examples/examples/har_classifier/train_c_har_classifier_delta)
==179301==    by 0x400B878: evaluateEpochInternal (in /home/jasmin/Dokumente/Uni/Bachelorarbeit/ForkOfOnDeviceTraining/build/examples/examples/har_classifier/train_c_har_classifier_delta)
==179301==    by 0x400C103: evaluationEpochWithMetrics (in /home/jasmin/Dokumente/Uni/Bachelorarbeit/ForkOfOnDeviceTraining/build/examples/examples/har_classifier/train_c_har_classifier_delta)
==179301==    by 0x4002AC7: main (in /home/jasmin/Dokumente/Uni/Bachelorarbeit/ForkOfOnDeviceTraining/build/examples/examples/har_classifier/train_c_har_classifier_delta)
==179301==  Address 0x8a08fd8 is 0 bytes after a block of size 8 alloc'd
==179301==    at 0x4882549: calloc (in /nix/store/l8kvr38dk84afq0bffmsdybfix0wdvci-valgrind-3.26.0/libexec/valgrind/vgpreload_memcheck-amd64-linux.so)
==179301==    by 0x4006C00: getShapeLike (in /home/jasmin/Dokumente/Uni/Bachelorarbeit/ForkOfOnDeviceTraining/build/examples/examples/har_classifier/train_c_har_classifier_delta)
==179301==    by 0x400E936: reserveInferenceStats (in /home/jasmin/Dokumente/Uni/Bachelorarbeit/ForkOfOnDeviceTraining/build/examples/examples/har_classifier/train_c_har_classifier_delta)
==179301==    by 0x400EA8C: inferenceWithLoss (in /home/jasmin/Dokumente/Uni/Bachelorarbeit/ForkOfOnDeviceTraining/build/examples/examples/har_classifier/train_c_har_classifier_delta)
==179301==    by 0x400B878: evaluateEpochInternal (in /home/jasmin/Dokumente/Uni/Bachelorarbeit/ForkOfOnDeviceTraining/build/examples/examples/har_classifier/train_c_har_classifier_delta)
==179301==    by 0x400C103: evaluationEpochWithMetrics (in /home/jasmin/Dokumente/Uni/Bachelorarbeit/ForkOfOnDeviceTraining/build/examples/examples/har_classifier/train_c_har_classifier_delta)
==179301==    by 0x4002AC7: main (in /home/jasmin/Dokumente/Uni/Bachelorarbeit/ForkOfOnDeviceTraining/build/examples/examples/har_classifier/train_c_har_classifier_delta)
==179301== 
==179301== 
==179301== HEAP SUMMARY:
==179301==     in use at exit: 51,040,253 bytes in 185,590 blocks
==179301==   total heap usage: 209,176 allocs, 23,586 frees, 53,949,295 bytes allocated
==179301== 
==179301== 32 (16 direct, 16 indirect) bytes in 1 blocks are definitely lost in loss record 139 of 245
==179301==    at 0x4882549: calloc (in /nix/store/l8kvr38dk84afq0bffmsdybfix0wdvci-valgrind-3.26.0/libexec/valgrind/vgpreload_memcheck-amd64-linux.so)
==179301==    by 0x40064C0: quantizationInitSymQDelta (in /home/jasmin/Dokumente/Uni/Bachelorarbeit/ForkOfOnDeviceTraining/build/examples/examples/har_classifier/train_c_har_classifier_delta)
==179301==    by 0x4002551: main (in /home/jasmin/Dokumente/Uni/Bachelorarbeit/ForkOfOnDeviceTraining/build/examples/examples/har_classifier/train_c_har_classifier_delta)
==179301== 
==179301== 61,756 (16 direct, 61,740 indirect) bytes in 1 blocks are definitely lost in loss record 219 of 245
==179301==    at 0x4882549: calloc (in /nix/store/l8kvr38dk84afq0bffmsdybfix0wdvci-valgrind-3.26.0/libexec/valgrind/vgpreload_memcheck-amd64-linux.so)
==179301==    by 0x4003CAA: npyLoad (in /home/jasmin/Dokumente/Uni/Bachelorarbeit/ForkOfOnDeviceTraining/build/examples/examples/har_classifier/train_c_har_classifier_delta)
==179301==    by 0x4002485: main (in /home/jasmin/Dokumente/Uni/Bachelorarbeit/ForkOfOnDeviceTraining/build/examples/examples/har_classifier/train_c_har_classifier_delta)
==179301== 
==179301== 247,564 (16 direct, 247,548 indirect) bytes in 1 blocks are definitely lost in loss record 241 of 245
==179301==    at 0x4882549: calloc (in /nix/store/l8kvr38dk84afq0bffmsdybfix0wdvci-valgrind-3.26.0/libexec/valgrind/vgpreload_memcheck-amd64-linux.so)
==179301==    by 0x4003CAA: npyLoad (in /home/jasmin/Dokumente/Uni/Bachelorarbeit/ForkOfOnDeviceTraining/build/examples/examples/har_classifier/train_c_har_classifier_delta)
==179301==    by 0x40024C1: main (in /home/jasmin/Dokumente/Uni/Bachelorarbeit/ForkOfOnDeviceTraining/build/examples/examples/har_classifier/train_c_har_classifier_delta)
==179301== 
==179301== 555,844 (16 direct, 555,828 indirect) bytes in 1 blocks are definitely lost in loss record 242 of 245
==179301==    at 0x4882549: calloc (in /nix/store/l8kvr38dk84afq0bffmsdybfix0wdvci-valgrind-3.26.0/libexec/valgrind/vgpreload_memcheck-amd64-linux.so)
==179301==    by 0x4003CAA: npyLoad (in /home/jasmin/Dokumente/Uni/Bachelorarbeit/ForkOfOnDeviceTraining/build/examples/examples/har_classifier/train_c_har_classifier_delta)
==179301==    by 0x4002449: main (in /home/jasmin/Dokumente/Uni/Bachelorarbeit/ForkOfOnDeviceTraining/build/examples/examples/har_classifier/train_c_har_classifier_delta)
==179301== 
==179301== LEAK SUMMARY:
==179301==    definitely lost: 64 bytes in 4 blocks
==179301==    indirectly lost: 865,132 bytes in 61,798 blocks
==179301==      possibly lost: 0 bytes in 0 blocks
==179301==    still reachable: 50,175,057 bytes in 123,788 blocks
==179301==         suppressed: 0 bytes in 0 blocks
==179301== Reachable blocks (those to which a pointer was found) are not shown.
==179301== To see them, rerun with: --leak-check=full --show-leak-kinds=all
==179301== 
==179301== For lists of detected and suppressed errors, rerun with: -s
==179301== ERROR SUMMARY: 121 errors from 7 contexts (suppressed: 0 from 0)
